#
# There is insufficient memory for the Java Runtime Environment to continue.
# Native memory allocation (mmap) failed to map 132120576 bytes for Failed to commit area from 0x0000000082200000 to 0x000000008a000000 of length 132120576.
# Possible reasons:
#   The system is out of physical RAM or swap space
#   The process is running with CompressedOops enabled, and the Java Heap may be blocking the growth of the native heap
# Possible solutions:
#   Reduce memory load on the system
#   Increase physical memory or swap space
#   Check if swap backing store is full
#   Decrease Java heap size (-Xmx/-Xms)
#   Decrease number of Java threads
#   Decrease Java thread stack sizes (-Xss)
#   Set larger code cache with -XX:ReservedCodeCacheSize=
# This output file may be truncated or incomplete.
#
#  Out of Memory Error (t:/workspace/open/src/hotspot/os/windows/os_windows.cpp:3301), pid=11204, tid=11964
#
# JRE version:  (13.0.2+8) (build )
# Java VM: Java HotSpot(TM) 64-Bit Server VM (13.0.2+8, mixed mode, aot, sharing, tiered, compressed oops, g1 gc, windows-amd64)
# No core dump will be written. Minidumps are not enabled by default on client versions of Windows
#

---------------  S U M M A R Y ------------

Command Line: -Dclassworlds.conf=D:\Program Files\NetBeans-12.0\netbeans\java\maven\bin\..\bin\m2.conf -Dmaven.home=D:\Program Files\NetBeans-12.0\netbeans\java\maven\bin\.. -Dlibrary.jansi.path=D:\Program Files\NetBeans-12.0\netbeans\java\maven\bin\..\lib\jansi-native -Dmaven.multiModuleProjectDirectory=C:\Users\TAI\Desktop\LearnServlet\Product org.codehaus.plexus.classworlds.launcher.Launcher -Dnetbeans.deploy=true -Dnetbeans.deploy.clientUrlPart=/AddNewProduct.jsp -Dmaven.ext.class.path=D:\Program Files\NetBeans-12.0\netbeans\java\maven-nblib\netbeans-eventspy.jar -Dfile.encoding=UTF-8 package

Host: Intel(R) Core(TM) i5-6200U CPU @ 2.30GHz, 4 cores, 7G,  Windows 10 , 64 bit Build 18362 (10.0.18362.329)
Time: Sat Jul 25 19:00:59 2020 SE Asia Standard Time elapsed time: 0 seconds (0d 0h 0m 0s)

---------------  T H R E A D  ---------------

Current thread (0x000002d67ab3d800):  JavaThread "Unknown thread" [_thread_in_vm, id=11964, stack(0x000000ff08300000,0x000000ff08400000)]

Stack: [0x000000ff08300000,0x000000ff08400000]
Native frames: (J=compiled Java code, j=interpreted, Vv=VM code, C=native code)
V  [jvm.dll+0x624f9a]
V  [jvm.dll+0x770cfa]
V  [jvm.dll+0x7724af]
V  [jvm.dll+0x772ab3]
V  [jvm.dll+0x24bf08]
V  [jvm.dll+0x6222aa]
V  [jvm.dll+0x6170b5]
V  [jvm.dll+0x30a88c]
V  [jvm.dll+0x30a6c2]
V  [jvm.dll+0x30fe36]
V  [jvm.dll+0x353f46]
V  [jvm.dll+0x353720]
V  [jvm.dll+0x2e550a]
V  [jvm.dll+0x2e67a2]
V  [jvm.dll+0x74dd78]
V  [jvm.dll+0x361989]
V  [jvm.dll+0x730e65]
V  [jvm.dll+0x3cc53f]
V  [jvm.dll+0x3ce861]
C  [jli.dll+0x51ff]
C  [ucrtbase.dll+0x20e72]
C  [KERNEL32.DLL+0x17bd4]
C  [ntdll.dll+0x6ced1]


---------------  P R O C E S S  ---------------

Threads class SMR info:
_java_thread_list=0x00007ffb8717ccb8, length=0, elements={
}

Java Threads: ( => current thread )

Other Threads:
  0x000002d67ab81800 GCTaskThread "GC Thread#0" [stack: 0x000000ff08400000,0x000000ff08500000] [id=15604]
  0x000002d67ab93000 ConcurrentGCThread "G1 Main Marker" [stack: 0x000000ff08500000,0x000000ff08600000] [id=10516]
  0x000002d67ab94000 ConcurrentGCThread "G1 Conc#0" [stack: 0x000000ff08600000,0x000000ff08700000] [id=14280]

[error occurred during error reporting (printing all threads), id 0xc0000005, EXCEPTION_ACCESS_VIOLATION (0xc0000005) at pc=0x00007ffb869b51d7]

VM state:not at safepoint (not fully initialized)

VM Mutex/Monitor currently owned by a thread:  ([mutex/lock_event])
[0x000002d67ab3a3a0] Heap_lock - owner thread: 0x000002d67ab3d800

Heap address: 0x0000000082200000, size: 2014 MB, Compressed Oops mode: Non-zero based: 0x0000000082200000
Narrow klass base: 0x0000000000000000, Narrow klass shift: 0

GC Heap History (0 events):
No events

Deoptimization events (0 events):
No events

Classes unloaded (0 events):
No events

Classes redefined (0 events):
No events

Internal exceptions (0 events):
No events

Events (8 events):
Event: 0.008 Loaded shared library D:\Program Files\jdk13\bin\zip.dll
Event: 0.008 Loaded shared library D:\Program Files\jdk13\bin\jimage.dll
Event: 0.010 Loading shared library D:\Program Files\jdk13\lib\libjava.base-coop.dll failed, error code 126
Event: 0.010 Loading shared library D:\Program Files\jdk13\lib\libjava.logging-coop.dll failed, error code 126
Event: 0.010 Loading shared library D:\Program Files\jdk13\lib\libjdk.compiler-coop.dll failed, error code 126
Event: 0.010 Loading shared library D:\Program Files\jdk13\lib\libjdk.scripting.nashorn-coop.dll failed, error code 126
Event: 0.010 Loading shared library D:\Program Files\jdk13\lib\libjdk.internal.vm.ci-coop.dll failed, error code 126
Event: 0.010 Loading shared library D:\Program Files\jdk13\lib\libjdk.internal.vm.compiler-coop.dll failed, error code 126


Dynamic libraries:
0x00007ff68f890000 - 0x00007ff68f89f000 	D:\Program Files\jdk13\bin\java.exe
0x00007ffbf4c20000 - 0x00007ffbf4e10000 	C:\WINDOWS\SYSTEM32\ntdll.dll
0x00007ffbf4150000 - 0x00007ffbf4202000 	C:\WINDOWS\System32\KERNEL32.DLL
0x00007ffbf2640000 - 0x00007ffbf28e3000 	C:\WINDOWS\System32\KERNELBASE.dll
0x00007ffbf2540000 - 0x00007ffbf263a000 	C:\WINDOWS\System32\ucrtbase.dll
0x00007ffbe1360000 - 0x00007ffbe1378000 	D:\Program Files\jdk13\bin\jli.dll
0x00007ffbc10d0000 - 0x00007ffbc10e5000 	D:\Program Files\jdk13\bin\VCRUNTIME140.dll
0x00007ffbf4970000 - 0x00007ffbf4a13000 	C:\WINDOWS\System32\ADVAPI32.dll
0x00007ffbf2d80000 - 0x00007ffbf2e1e000 	C:\WINDOWS\System32\msvcrt.dll
0x00007ffbf3bd0000 - 0x00007ffbf3c67000 	C:\WINDOWS\System32\sechost.dll
0x00007ffbf2e20000 - 0x00007ffbf2f40000 	C:\WINDOWS\System32\RPCRT4.dll
0x00007ffbf2ff0000 - 0x00007ffbf3184000 	C:\WINDOWS\System32\USER32.dll
0x00007ffbf1bb0000 - 0x00007ffbf1bd1000 	C:\WINDOWS\System32\win32u.dll
0x00007ffbf3dd0000 - 0x00007ffbf3df6000 	C:\WINDOWS\System32\GDI32.dll
0x00007ffbf28f0000 - 0x00007ffbf2a84000 	C:\WINDOWS\System32\gdi32full.dll
0x00007ffbe5790000 - 0x00007ffbe5a15000 	C:\WINDOWS\WinSxS\amd64_microsoft.windows.common-controls_6595b64144ccf1df_6.0.18362.418_none_e6c6b287130d565d\COMCTL32.dll
0x00007ffbf2be0000 - 0x00007ffbf2c7e000 	C:\WINDOWS\System32\msvcp_win.dll
0x00007ffbf3e10000 - 0x00007ffbf4146000 	C:\WINDOWS\System32\combase.dll
0x00007ffbf2380000 - 0x00007ffbf2400000 	C:\WINDOWS\System32\bcryptPrimitives.dll
0x00007ffbebc10000 - 0x00007ffbebc1a000 	C:\WINDOWS\SYSTEM32\VERSION.dll
0x00007ffbf3b30000 - 0x00007ffbf3b5e000 	C:\WINDOWS\System32\IMM32.DLL
0x00007ffbafde0000 - 0x00007ffbafe7b000 	D:\Program Files\jdk13\bin\msvcp140.dll
0x00007ffb866c0000 - 0x00007ffb8721d000 	D:\Program Files\jdk13\bin\server\jvm.dll
0x00007ffbf3270000 - 0x00007ffbf3278000 	C:\WINDOWS\System32\PSAPI.DLL
0x00007ffbead20000 - 0x00007ffbead29000 	C:\WINDOWS\SYSTEM32\WSOCK32.dll
0x00007ffbf3b60000 - 0x00007ffbf3bcf000 	C:\WINDOWS\System32\WS2_32.dll
0x00007ffbee790000 - 0x00007ffbee7b4000 	C:\WINDOWS\SYSTEM32\WINMM.dll
0x00007ffbee760000 - 0x00007ffbee78d000 	C:\WINDOWS\SYSTEM32\WINMMBASE.dll
0x00007ffbf2c80000 - 0x00007ffbf2cca000 	C:\WINDOWS\System32\cfgmgr32.dll
0x00007ffbf1b70000 - 0x00007ffbf1b81000 	C:\WINDOWS\System32\kernel.appcore.dll
0x00007ffbce1e0000 - 0x00007ffbce1f0000 	D:\Program Files\jdk13\bin\verify.dll
0x00007ffbdea40000 - 0x00007ffbdec34000 	C:\WINDOWS\SYSTEM32\DBGHELP.DLL
0x00007ffbd5f60000 - 0x00007ffbd5f8a000 	C:\WINDOWS\SYSTEM32\dbgcore.DLL
0x00007ffbc0080000 - 0x00007ffbc00a6000 	D:\Program Files\jdk13\bin\java.dll
0x00007ffbc0d00000 - 0x00007ffbc0d17000 	D:\Program Files\jdk13\bin\zip.dll
0x00007ffbcd7c0000 - 0x00007ffbcd7ca000 	D:\Program Files\jdk13\bin\jimage.dll

dbghelp: loaded successfully - version: 4.0.5 - missing functions: none
symbol engine: initialized successfully - sym options: 0x614 - pdb path: .;D:\Program Files\jdk13\bin;C:\WINDOWS\SYSTEM32;C:\WINDOWS\WinSxS\amd64_microsoft.windows.common-controls_6595b64144ccf1df_6.0.18362.418_none_e6c6b287130d565d;D:\Program Files\jdk13\bin\server

VM Arguments:
jvm_args: -Dclassworlds.conf=D:\Program Files\NetBeans-12.0\netbeans\java\maven\bin\..\bin\m2.conf -Dmaven.home=D:\Program Files\NetBeans-12.0\netbeans\java\maven\bin\.. -Dlibrary.jansi.path=D:\Program Files\NetBeans-12.0\netbeans\java\maven\bin\..\lib\jansi-native -Dmaven.multiModuleProjectDirectory=C:\Users\TAI\Desktop\LearnServlet\Product 
java_command: org.codehaus.plexus.classworlds.launcher.Launcher -Dnetbeans.deploy=true -Dnetbeans.deploy.clientUrlPart=/AddNewProduct.jsp -Dmaven.ext.class.path=D:\Program Files\NetBeans-12.0\netbeans\java\maven-nblib\netbeans-eventspy.jar -Dfile.encoding=UTF-8 package
java_class_path (initial): D:\Program Files\NetBeans-12.0\netbeans\java\maven\bin\..\boot\plexus-classworlds-2.6.0.jar
Launcher Type: SUN_STANDARD

[Global flags]
     intx CICompilerCount                          = 3                                         {product} {ergonomic}
     uint ConcGCThreads                            = 1                                         {product} {ergonomic}
     uint G1ConcRefinementThreads                  = 4                                         {product} {ergonomic}
   size_t G1HeapRegionSize                         = 1048576                                   {product} {ergonomic}
    uintx GCDrainStackTargetSize                   = 64                                        {product} {ergonomic}
   size_t InitialHeapSize                          = 132120576                                 {product} {ergonomic}
   size_t MarkStackSize                            = 4194304                                   {product} {ergonomic}
   size_t MaxHeapSize                              = 2111832064                                {product} {ergonomic}
   size_t MinHeapDeltaBytes                        = 1048576                                   {product} {ergonomic}
   size_t MinHeapSize                              = 8388608                                   {product} {ergonomic}
    uintx NonNMethodCodeHeapSize                   = 5832780                                {pd product} {ergonomic}
    uintx NonProfiledCodeHeapSize                  = 122912730                              {pd product} {ergonomic}
    uintx ProfiledCodeHeapSize                     = 122912730                              {pd product} {ergonomic}
    uintx ReservedCodeCacheSize                    = 251658240                              {pd product} {ergonomic}
     bool SegmentedCodeCache                       = true                                      {product} {ergonomic}
   size_t SoftMaxHeapSize                          = 2111832064                             {manageable} {ergonomic}
     bool UseCompressedClassPointers               = true                                 {lp64_product} {ergonomic}
     bool UseCompressedOops                        = true                                 {lp64_product} {ergonomic}
     bool UseG1GC                                  = true                                      {product} {ergonomic}
     bool UseLargePagesIndividualAllocation        = false                                  {pd product} {ergonomic}

Logging:
Log output configuration:
 #0: stdout all=warning uptime,level,tags
 #1: stderr all=off uptime,level,tags

Environment Variables:
JAVA_HOME=D:\Program Files\jdk13
PATH=C:\Program Files\Microsoft MPI\Bin\;C:\Program Files (x86)\Common Files\Oracle\Java\javapath;C:\WINDOWS\system32;C:\WINDOWS;C:\WINDOWS\System32\Wbem;C:\WINDOWS\System32\WindowsPowerShell\v1.0\;C:\WINDOWS\System32\OpenSSH\;C:\Program Files\Git\cmd;C:\Program Files (x86)\Microsoft SQL Server\130\Tools\Binn\;C:\Program Files\Microsoft SQL Server\130\Tools\Binn\;C:\Program Files (x86)\Microsoft SQL Server\130\DTS\Binn\;C:\Program Files\Microsoft SQL Server\130\DTS\Binn\;C:\Program Files\Microsoft SQL Server\Client SDK\ODBC\130\Tools\Binn\;C:\Program Files (x86)\Microsoft SQL Server\Client SDK\ODBC\130\Tools\Binn\;C:\Program Files (x86)\Microsoft SQL Server\130\Tools\Binn\ManagementStudio\;C:\Users\TAI\AppData\Local\Microsoft\WindowsApps;;C:\Users\TAI\AppData\Local\Programs\Microsoft VS Code\bin
USERNAME=TAI
OS=Windows_NT
PROCESSOR_IDENTIFIER=Intel64 Family 6 Model 78 Stepping 3, GenuineIntel



---------------  S Y S T E M  ---------------

OS: Windows 10 , 64 bit Build 18362 (10.0.18362.329)

CPU:total 4 (initial active 4) (2 cores per cpu, 2 threads per core) family 6 model 78 stepping 3, cmov, cx8, fxsr, mmx, sse, sse2, sse3, ssse3, sse4.1, sse4.2, popcnt, avx, avx2, aes, clmul, erms, 3dnowpref, lzcnt, ht, tsc, tscinvbit, bmi1, bmi2, adx, fma

Memory: 4k page, system-wide physical 8051M (1832M free)
TotalPageFile size 12123M (AvailPageFile size 91M)
current process WorkingSet (physical memory assigned to process): 10M, peak: 10M
current process commit charge ("private bytes"): 52M, peak: 178M

vm_info: Java HotSpot(TM) 64-Bit Server VM (13.0.2+8) for windows-amd64 JRE (13.0.2+8), built on Dec 11 2019 09:20:33 by "mach5one" with unknown MS VC++:1916

END.
