#
# There is insufficient memory for the Java Runtime Environment to continue.
# Native memory allocation (malloc) failed to allocate 2050256 bytes for Chunk::new
# Possible reasons:
#   The system is out of physical RAM or swap space
#   The process is running with CompressedOops enabled, and the Java Heap may be blocking the growth of the native heap
# Possible solutions:
#   Reduce memory load on the system
#   Increase physical memory or swap space
#   Check if swap backing store is full
#   Decrease Java heap size (-Xmx/-Xms)
#   Decrease number of Java threads
#   Decrease Java thread stack sizes (-Xss)
#   Set larger code cache with -XX:ReservedCodeCacheSize=
#   JVM is running with Unscaled Compressed Oops mode in which the Java heap is
#     placed in the first 4GB address space. The Java Heap base address is the
#     maximum limit for the native heap growth. Please use -XX:HeapBaseMinAddress
#     to set the Java Heap base and to place the Java Heap above 4GB virtual address.
# This output file may be truncated or incomplete.
#
#  Out of Memory Error (t:/workspace/open/src/hotspot/share/memory/arena.cpp:196), pid=8488, tid=12116
#
# JRE version: Java(TM) SE Runtime Environment (13.0.2+8) (build 13.0.2+8)
# Java VM: Java HotSpot(TM) 64-Bit Server VM (13.0.2+8, mixed mode, sharing, tiered, compressed oops, g1 gc, windows-amd64)
# No core dump will be written. Minidumps are not enabled by default on client versions of Windows
#

---------------  S U M M A R Y ------------

Command Line: -Dclassworlds.conf=D:\Program Files\NetBeans-12.0\netbeans\java\maven\bin\..\bin\m2.conf -Dmaven.home=D:\Program Files\NetBeans-12.0\netbeans\java\maven\bin\.. -Dlibrary.jansi.path=D:\Program Files\NetBeans-12.0\netbeans\java\maven\bin\..\lib\jansi-native -Dmaven.multiModuleProjectDirectory=C:\Users\TAI\Desktop\LearnServlet\Product org.codehaus.plexus.classworlds.launcher.Launcher -Dnetbeans.deploy=true -Dnetbeans.deploy.clientUrlPart=/AddNewProduct.jsp -Dmaven.ext.class.path=D:\Program Files\NetBeans-12.0\netbeans\java\maven-nblib\netbeans-eventspy.jar -Dfile.encoding=UTF-8 package

Host: Intel(R) Core(TM) i5-6200U CPU @ 2.30GHz, 4 cores, 7G,  Windows 10 , 64 bit Build 18362 (10.0.18362.329)
Time: Sat Jul 25 19:06:38 2020 SE Asia Standard Time elapsed time: 5 seconds (0d 0h 0m 5s)

---------------  T H R E A D  ---------------

Current thread (0x000001bd25962000):  JavaThread "C2 CompilerThread0" daemon [_thread_in_native, id=12116, stack(0x00000047c1f00000,0x00000047c2000000)]


Current CompileTask:
C2:   5782 3511   !   4       com.google.inject.spi.InjectionPoint::getInjectionPoints (489 bytes)

Stack: [0x00000047c1f00000,0x00000047c2000000]
Native frames: (J=compiled Java code, j=interpreted, Vv=VM code, C=native code)
V  [jvm.dll+0x624f9a]
V  [jvm.dll+0x770cfa]
V  [jvm.dll+0x7724af]
V  [jvm.dll+0x772ab3]
V  [jvm.dll+0x24bf08]
V  [jvm.dll+0xc1e47]
V  [jvm.dll+0xc23cc]
V  [jvm.dll+0x35c068]
V  [jvm.dll+0x327803]
V  [jvm.dll+0x326bda]
V  [jvm.dll+0x205c27]
V  [jvm.dll+0x204e3f]
V  [jvm.dll+0x189c2c]
V  [jvm.dll+0x213e6d]
V  [jvm.dll+0x2120bb]
V  [jvm.dll+0x736bb6]
V  [jvm.dll+0x72fcaa]
V  [jvm.dll+0x623ea6]
C  [ucrtbase.dll+0x20e72]
C  [KERNEL32.DLL+0x17bd4]
C  [ntdll.dll+0x6ced1]


---------------  P R O C E S S  ---------------

Threads class SMR info:
_java_thread_list=0x000001bd2788b980, length=11, elements={
0x000001bd07391000, 0x000001bd25941000, 0x000001bd25945000, 0x000001bd2595f000,
0x000001bd25961000, 0x000001bd25962000, 0x000001bd2596d000, 0x000001bd25974800,
0x000001bd263a8000, 0x000001bd263b7000, 0x000001bd27257000
}

Java Threads: ( => current thread )
  0x000001bd07391000 JavaThread "main" [_thread_in_Java, id=12732, stack(0x00000047c1400000,0x00000047c1500000)]
  0x000001bd25941000 JavaThread "Reference Handler" daemon [_thread_blocked, id=10816, stack(0x00000047c1b00000,0x00000047c1c00000)]
  0x000001bd25945000 JavaThread "Finalizer" daemon [_thread_blocked, id=11944, stack(0x00000047c1c00000,0x00000047c1d00000)]
  0x000001bd2595f000 JavaThread "Signal Dispatcher" daemon [_thread_blocked, id=8264, stack(0x00000047c1d00000,0x00000047c1e00000)]
  0x000001bd25961000 JavaThread "Attach Listener" daemon [_thread_blocked, id=8004, stack(0x00000047c1e00000,0x00000047c1f00000)]
=>0x000001bd25962000 JavaThread "C2 CompilerThread0" daemon [_thread_in_native, id=12116, stack(0x00000047c1f00000,0x00000047c2000000)]
  0x000001bd2596d000 JavaThread "C1 CompilerThread0" daemon [_thread_in_native, id=4324, stack(0x00000047c2000000,0x00000047c2100000)]
  0x000001bd25974800 JavaThread "Sweeper thread" daemon [_thread_blocked, id=3652, stack(0x00000047c2100000,0x00000047c2200000)]
  0x000001bd263a8000 JavaThread "Service Thread" daemon [_thread_blocked, id=8280, stack(0x00000047c2200000,0x00000047c2300000)]
  0x000001bd263b7000 JavaThread "Common-Cleaner" daemon [_thread_blocked, id=7752, stack(0x00000047c2400000,0x00000047c2500000)]
  0x000001bd27257000 JavaThread "C2 CompilerThread1" daemon [_thread_in_native, id=4160, stack(0x00000047c2700000,0x00000047c2800000)]

Other Threads:
  0x000001bd2593f000 VMThread "VM Thread" [stack: 0x00000047c1a00000,0x00000047c1b00000] [id=11384]
  0x000001bd263b4000 WatcherThread [stack: 0x00000047c2300000,0x00000047c2400000] [id=6944]
  0x000001bd073d5000 GCTaskThread "GC Thread#0" [stack: 0x00000047c1500000,0x00000047c1600000] [id=13280]
  0x000001bd26c23000 GCTaskThread "GC Thread#1" [stack: 0x00000047c2500000,0x00000047c2600000] [id=12044]
  0x000001bd26bed800 GCTaskThread "GC Thread#2" [stack: 0x00000047c2600000,0x00000047c2700000] [id=9720]
  0x000001bd073e6000 ConcurrentGCThread "G1 Main Marker" [stack: 0x00000047c1600000,0x00000047c1700000] [id=6012]
  0x000001bd073e8000 ConcurrentGCThread "G1 Conc#0" [stack: 0x00000047c1700000,0x00000047c1800000] [id=6764]
  0x000001bd07458800 ConcurrentGCThread "G1 Refine#0" [stack: 0x00000047c1800000,0x00000047c1900000] [id=704]
  0x000001bd0745a800 ConcurrentGCThread "G1 Young RemSet Sampling" [stack: 0x00000047c1900000,0x00000047c1a00000] [id=7264]

Threads with active compile tasks:
C2 CompilerThread0     5936 3511   !   4       com.google.inject.spi.InjectionPoint::getInjectionPoints (489 bytes)
C1 CompilerThread0     5936 3653       3       com.google.inject.internal.util.Classes::isConcrete (25 bytes)
C2 CompilerThread1     5936 3589       4       org.eclipse.sisu.inject.LocatedBeans$Itr::hasNext (161 bytes)

VM state:not at safepoint (normal execution)

VM Mutex/Monitor currently owned by a thread: None

Heap address: 0x0000000082200000, size: 2014 MB, Compressed Oops mode: 32-bit
Narrow klass base: 0x0000000800000000, Narrow klass shift: 3
Compressed class space size: 1073741824 Address: 0x0000000800b40000

Heap:
 garbage-first heap   total 129024K, used 68342K [0x0000000082200000, 0x0000000100000000)
  region size 1024K, 65 young (66560K), 5 survivors (5120K)
 Metaspace       used 15774K, capacity 17374K, committed 17536K, reserved 1064960K
  class space    used 1826K, capacity 2134K, committed 2176K, reserved 1048576K
Heap Regions: E=young(eden), S=young(survivor), O=old, HS=humongous(starts), HC=humongous(continues), CS=collection set, F=free, A=archive, TAMS=top-at-mark-start (previous, next)
|   0|0x0000000082200000, 0x0000000082300000, 0x0000000082300000|100%| O|  |TAMS 0x0000000082200000, 0x0000000082200000| Untracked 
|   1|0x0000000082300000, 0x0000000082400000, 0x0000000082400000|100%| O|  |TAMS 0x0000000082300000, 0x0000000082300000| Untracked 
|   2|0x0000000082400000, 0x00000000824fc200, 0x0000000082500000| 98%| O|  |TAMS 0x0000000082400000, 0x0000000082400000| Untracked 
|   3|0x0000000082500000, 0x0000000082500000, 0x0000000082600000|  0%| F|  |TAMS 0x0000000082500000, 0x0000000082500000| Untracked 
|   4|0x0000000082600000, 0x0000000082600000, 0x0000000082700000|  0%| F|  |TAMS 0x0000000082600000, 0x0000000082600000| Untracked 
|   5|0x0000000082700000, 0x0000000082700000, 0x0000000082800000|  0%| F|  |TAMS 0x0000000082700000, 0x0000000082700000| Untracked 
|   6|0x0000000082800000, 0x0000000082800000, 0x0000000082900000|  0%| F|  |TAMS 0x0000000082800000, 0x0000000082800000| Untracked 
|   7|0x0000000082900000, 0x0000000082900000, 0x0000000082a00000|  0%| F|  |TAMS 0x0000000082900000, 0x0000000082900000| Untracked 
|   8|0x0000000082a00000, 0x0000000082a00000, 0x0000000082b00000|  0%| F|  |TAMS 0x0000000082a00000, 0x0000000082a00000| Untracked 
|   9|0x0000000082b00000, 0x0000000082b00000, 0x0000000082c00000|  0%| F|  |TAMS 0x0000000082b00000, 0x0000000082b00000| Untracked 
|  10|0x0000000082c00000, 0x0000000082c00000, 0x0000000082d00000|  0%| F|  |TAMS 0x0000000082c00000, 0x0000000082c00000| Untracked 
|  11|0x0000000082d00000, 0x0000000082d00000, 0x0000000082e00000|  0%| F|  |TAMS 0x0000000082d00000, 0x0000000082d00000| Untracked 
|  12|0x0000000082e00000, 0x0000000082e00000, 0x0000000082f00000|  0%| F|  |TAMS 0x0000000082e00000, 0x0000000082e00000| Untracked 
|  13|0x0000000082f00000, 0x0000000082f00000, 0x0000000083000000|  0%| F|  |TAMS 0x0000000082f00000, 0x0000000082f00000| Untracked 
|  14|0x0000000083000000, 0x0000000083000000, 0x0000000083100000|  0%| F|  |TAMS 0x0000000083000000, 0x0000000083000000| Untracked 
|  15|0x0000000083100000, 0x0000000083100000, 0x0000000083200000|  0%| F|  |TAMS 0x0000000083100000, 0x0000000083100000| Untracked 
|  16|0x0000000083200000, 0x0000000083200000, 0x0000000083300000|  0%| F|  |TAMS 0x0000000083200000, 0x0000000083200000| Untracked 
|  17|0x0000000083300000, 0x0000000083300000, 0x0000000083400000|  0%| F|  |TAMS 0x0000000083300000, 0x0000000083300000| Untracked 
|  18|0x0000000083400000, 0x0000000083400000, 0x0000000083500000|  0%| F|  |TAMS 0x0000000083400000, 0x0000000083400000| Untracked 
|  19|0x0000000083500000, 0x0000000083500000, 0x0000000083600000|  0%| F|  |TAMS 0x0000000083500000, 0x0000000083500000| Untracked 
|  20|0x0000000083600000, 0x0000000083600000, 0x0000000083700000|  0%| F|  |TAMS 0x0000000083600000, 0x0000000083600000| Untracked 
|  21|0x0000000083700000, 0x0000000083700000, 0x0000000083800000|  0%| F|  |TAMS 0x0000000083700000, 0x0000000083700000| Untracked 
|  22|0x0000000083800000, 0x0000000083800000, 0x0000000083900000|  0%| F|  |TAMS 0x0000000083800000, 0x0000000083800000| Untracked 
|  23|0x0000000083900000, 0x0000000083900000, 0x0000000083a00000|  0%| F|  |TAMS 0x0000000083900000, 0x0000000083900000| Untracked 
|  24|0x0000000083a00000, 0x0000000083a00000, 0x0000000083b00000|  0%| F|  |TAMS 0x0000000083a00000, 0x0000000083a00000| Untracked 
|  25|0x0000000083b00000, 0x0000000083b00000, 0x0000000083c00000|  0%| F|  |TAMS 0x0000000083b00000, 0x0000000083b00000| Untracked 
|  26|0x0000000083c00000, 0x0000000083c00000, 0x0000000083d00000|  0%| F|  |TAMS 0x0000000083c00000, 0x0000000083c00000| Untracked 
|  27|0x0000000083d00000, 0x0000000083d00000, 0x0000000083e00000|  0%| F|  |TAMS 0x0000000083d00000, 0x0000000083d00000| Untracked 
|  28|0x0000000083e00000, 0x0000000083e00000, 0x0000000083f00000|  0%| F|  |TAMS 0x0000000083e00000, 0x0000000083e00000| Untracked 
|  29|0x0000000083f00000, 0x0000000083f00000, 0x0000000084000000|  0%| F|  |TAMS 0x0000000083f00000, 0x0000000083f00000| Untracked 
|  30|0x0000000084000000, 0x0000000084000000, 0x0000000084100000|  0%| F|  |TAMS 0x0000000084000000, 0x0000000084000000| Untracked 
|  31|0x0000000084100000, 0x0000000084100000, 0x0000000084200000|  0%| F|  |TAMS 0x0000000084100000, 0x0000000084100000| Untracked 
|  32|0x0000000084200000, 0x0000000084200000, 0x0000000084300000|  0%| F|  |TAMS 0x0000000084200000, 0x0000000084200000| Untracked 
|  33|0x0000000084300000, 0x0000000084300000, 0x0000000084400000|  0%| F|  |TAMS 0x0000000084300000, 0x0000000084300000| Untracked 
|  34|0x0000000084400000, 0x0000000084400000, 0x0000000084500000|  0%| F|  |TAMS 0x0000000084400000, 0x0000000084400000| Untracked 
|  35|0x0000000084500000, 0x0000000084500000, 0x0000000084600000|  0%| F|  |TAMS 0x0000000084500000, 0x0000000084500000| Untracked 
|  36|0x0000000084600000, 0x0000000084600000, 0x0000000084700000|  0%| F|  |TAMS 0x0000000084600000, 0x0000000084600000| Untracked 
|  37|0x0000000084700000, 0x0000000084700000, 0x0000000084800000|  0%| F|  |TAMS 0x0000000084700000, 0x0000000084700000| Untracked 
|  38|0x0000000084800000, 0x0000000084800000, 0x0000000084900000|  0%| F|  |TAMS 0x0000000084800000, 0x0000000084800000| Untracked 
|  39|0x0000000084900000, 0x0000000084900000, 0x0000000084a00000|  0%| F|  |TAMS 0x0000000084900000, 0x0000000084900000| Untracked 
|  40|0x0000000084a00000, 0x0000000084a00000, 0x0000000084b00000|  0%| F|  |TAMS 0x0000000084a00000, 0x0000000084a00000| Untracked 
|  41|0x0000000084b00000, 0x0000000084b00000, 0x0000000084c00000|  0%| F|  |TAMS 0x0000000084b00000, 0x0000000084b00000| Untracked 
|  42|0x0000000084c00000, 0x0000000084c00000, 0x0000000084d00000|  0%| F|  |TAMS 0x0000000084c00000, 0x0000000084c00000| Untracked 
|  43|0x0000000084d00000, 0x0000000084d00000, 0x0000000084e00000|  0%| F|  |TAMS 0x0000000084d00000, 0x0000000084d00000| Untracked 
|  44|0x0000000084e00000, 0x0000000084e00000, 0x0000000084f00000|  0%| F|  |TAMS 0x0000000084e00000, 0x0000000084e00000| Untracked 
|  45|0x0000000084f00000, 0x0000000084f00000, 0x0000000085000000|  0%| F|  |TAMS 0x0000000084f00000, 0x0000000084f00000| Untracked 
|  46|0x0000000085000000, 0x0000000085000000, 0x0000000085100000|  0%| F|  |TAMS 0x0000000085000000, 0x0000000085000000| Untracked 
|  47|0x0000000085100000, 0x0000000085100000, 0x0000000085200000|  0%| F|  |TAMS 0x0000000085100000, 0x0000000085100000| Untracked 
|  48|0x0000000085200000, 0x0000000085200000, 0x0000000085300000|  0%| F|  |TAMS 0x0000000085200000, 0x0000000085200000| Untracked 
|  49|0x0000000085300000, 0x0000000085300000, 0x0000000085400000|  0%| F|  |TAMS 0x0000000085300000, 0x0000000085300000| Untracked 
|  50|0x0000000085400000, 0x0000000085400000, 0x0000000085500000|  0%| F|  |TAMS 0x0000000085400000, 0x0000000085400000| Untracked 
|  51|0x0000000085500000, 0x0000000085500000, 0x0000000085600000|  0%| F|  |TAMS 0x0000000085500000, 0x0000000085500000| Untracked 
|  52|0x0000000085600000, 0x0000000085600000, 0x0000000085700000|  0%| F|  |TAMS 0x0000000085600000, 0x0000000085600000| Untracked 
|  53|0x0000000085700000, 0x0000000085700000, 0x0000000085800000|  0%| F|  |TAMS 0x0000000085700000, 0x0000000085700000| Untracked 
|  54|0x0000000085800000, 0x0000000085800000, 0x0000000085900000|  0%| F|  |TAMS 0x0000000085800000, 0x0000000085800000| Untracked 
|  55|0x0000000085900000, 0x0000000085900000, 0x0000000085a00000|  0%| F|  |TAMS 0x0000000085900000, 0x0000000085900000| Untracked 
|  56|0x0000000085a00000, 0x0000000085a00000, 0x0000000085b00000|  0%| F|  |TAMS 0x0000000085a00000, 0x0000000085a00000| Untracked 
|  57|0x0000000085b00000, 0x0000000085b00000, 0x0000000085c00000|  0%| F|  |TAMS 0x0000000085b00000, 0x0000000085b00000| Untracked 
|  58|0x0000000085c00000, 0x0000000085c00000, 0x0000000085d00000|  0%| F|  |TAMS 0x0000000085c00000, 0x0000000085c00000| Untracked 
|  59|0x0000000085d00000, 0x0000000085d00000, 0x0000000085e00000|  0%| F|  |TAMS 0x0000000085d00000, 0x0000000085d00000| Untracked 
|  60|0x0000000085e00000, 0x0000000085e00000, 0x0000000085f00000|  0%| F|  |TAMS 0x0000000085e00000, 0x0000000085e00000| Untracked 
|  61|0x0000000085f00000, 0x0000000085f80800, 0x0000000086000000| 50%| E|  |TAMS 0x0000000085f00000, 0x0000000085f00000| Complete 
|  62|0x0000000086000000, 0x0000000086100000, 0x0000000086100000|100%| E|CS|TAMS 0x0000000086000000, 0x0000000086000000| Complete 
|  63|0x0000000086100000, 0x0000000086200000, 0x0000000086200000|100%| E|CS|TAMS 0x0000000086100000, 0x0000000086100000| Complete 
|  64|0x0000000086200000, 0x0000000086300000, 0x0000000086300000|100%| E|CS|TAMS 0x0000000086200000, 0x0000000086200000| Complete 
|  65|0x0000000086300000, 0x0000000086400000, 0x0000000086400000|100%| E|CS|TAMS 0x0000000086300000, 0x0000000086300000| Complete 
|  66|0x0000000086400000, 0x0000000086500000, 0x0000000086500000|100%| E|CS|TAMS 0x0000000086400000, 0x0000000086400000| Complete 
|  67|0x0000000086500000, 0x0000000086600000, 0x0000000086600000|100%| E|CS|TAMS 0x0000000086500000, 0x0000000086500000| Complete 
|  68|0x0000000086600000, 0x0000000086700000, 0x0000000086700000|100%| E|CS|TAMS 0x0000000086600000, 0x0000000086600000| Complete 
|  69|0x0000000086700000, 0x0000000086800000, 0x0000000086800000|100%| E|CS|TAMS 0x0000000086700000, 0x0000000086700000| Complete 
|  70|0x0000000086800000, 0x00000000868c16e0, 0x0000000086900000| 75%| S|CS|TAMS 0x0000000086800000, 0x0000000086800000| Complete 
|  71|0x0000000086900000, 0x0000000086a00000, 0x0000000086a00000|100%| S|CS|TAMS 0x0000000086900000, 0x0000000086900000| Complete 
|  72|0x0000000086a00000, 0x0000000086b00000, 0x0000000086b00000|100%| S|CS|TAMS 0x0000000086a00000, 0x0000000086a00000| Complete 
|  73|0x0000000086b00000, 0x0000000086c00000, 0x0000000086c00000|100%| S|CS|TAMS 0x0000000086b00000, 0x0000000086b00000| Complete 
|  74|0x0000000086c00000, 0x0000000086d00000, 0x0000000086d00000|100%| S|CS|TAMS 0x0000000086c00000, 0x0000000086c00000| Complete 
|  75|0x0000000086d00000, 0x0000000086e00000, 0x0000000086e00000|100%| E|CS|TAMS 0x0000000086d00000, 0x0000000086d00000| Complete 
|  76|0x0000000086e00000, 0x0000000086f00000, 0x0000000086f00000|100%| E|CS|TAMS 0x0000000086e00000, 0x0000000086e00000| Complete 
|  77|0x0000000086f00000, 0x0000000087000000, 0x0000000087000000|100%| E|CS|TAMS 0x0000000086f00000, 0x0000000086f00000| Complete 
|  78|0x0000000087000000, 0x0000000087100000, 0x0000000087100000|100%| E|CS|TAMS 0x0000000087000000, 0x0000000087000000| Complete 
|  79|0x0000000087100000, 0x0000000087200000, 0x0000000087200000|100%| E|CS|TAMS 0x0000000087100000, 0x0000000087100000| Complete 
|  80|0x0000000087200000, 0x0000000087300000, 0x0000000087300000|100%| E|CS|TAMS 0x0000000087200000, 0x0000000087200000| Complete 
|  81|0x0000000087300000, 0x0000000087400000, 0x0000000087400000|100%| E|CS|TAMS 0x0000000087300000, 0x0000000087300000| Complete 
|  82|0x0000000087400000, 0x0000000087500000, 0x0000000087500000|100%| E|CS|TAMS 0x0000000087400000, 0x0000000087400000| Complete 
|  83|0x0000000087500000, 0x0000000087600000, 0x0000000087600000|100%| E|CS|TAMS 0x0000000087500000, 0x0000000087500000| Complete 
|  84|0x0000000087600000, 0x0000000087700000, 0x0000000087700000|100%| E|CS|TAMS 0x0000000087600000, 0x0000000087600000| Complete 
|  85|0x0000000087700000, 0x0000000087800000, 0x0000000087800000|100%| E|CS|TAMS 0x0000000087700000, 0x0000000087700000| Complete 
|  86|0x0000000087800000, 0x0000000087900000, 0x0000000087900000|100%| E|CS|TAMS 0x0000000087800000, 0x0000000087800000| Complete 
|  87|0x0000000087900000, 0x0000000087a00000, 0x0000000087a00000|100%| E|CS|TAMS 0x0000000087900000, 0x0000000087900000| Complete 
|  88|0x0000000087a00000, 0x0000000087b00000, 0x0000000087b00000|100%| E|CS|TAMS 0x0000000087a00000, 0x0000000087a00000| Complete 
|  89|0x0000000087b00000, 0x0000000087c00000, 0x0000000087c00000|100%| E|CS|TAMS 0x0000000087b00000, 0x0000000087b00000| Complete 
|  90|0x0000000087c00000, 0x0000000087d00000, 0x0000000087d00000|100%| E|CS|TAMS 0x0000000087c00000, 0x0000000087c00000| Complete 
|  91|0x0000000087d00000, 0x0000000087e00000, 0x0000000087e00000|100%| E|CS|TAMS 0x0000000087d00000, 0x0000000087d00000| Complete 
|  92|0x0000000087e00000, 0x0000000087f00000, 0x0000000087f00000|100%| E|CS|TAMS 0x0000000087e00000, 0x0000000087e00000| Complete 
|  93|0x0000000087f00000, 0x0000000088000000, 0x0000000088000000|100%| E|CS|TAMS 0x0000000087f00000, 0x0000000087f00000| Complete 
|  94|0x0000000088000000, 0x0000000088100000, 0x0000000088100000|100%| E|CS|TAMS 0x0000000088000000, 0x0000000088000000| Complete 
|  95|0x0000000088100000, 0x0000000088200000, 0x0000000088200000|100%| E|CS|TAMS 0x0000000088100000, 0x0000000088100000| Complete 
|  96|0x0000000088200000, 0x0000000088300000, 0x0000000088300000|100%| E|CS|TAMS 0x0000000088200000, 0x0000000088200000| Complete 
|  97|0x0000000088300000, 0x0000000088400000, 0x0000000088400000|100%| E|CS|TAMS 0x0000000088300000, 0x0000000088300000| Complete 
|  98|0x0000000088400000, 0x0000000088500000, 0x0000000088500000|100%| E|CS|TAMS 0x0000000088400000, 0x0000000088400000| Complete 
|  99|0x0000000088500000, 0x0000000088600000, 0x0000000088600000|100%| E|CS|TAMS 0x0000000088500000, 0x0000000088500000| Complete 
| 100|0x0000000088600000, 0x0000000088700000, 0x0000000088700000|100%| E|CS|TAMS 0x0000000088600000, 0x0000000088600000| Complete 
| 101|0x0000000088700000, 0x0000000088800000, 0x0000000088800000|100%| E|CS|TAMS 0x0000000088700000, 0x0000000088700000| Complete 
| 102|0x0000000088800000, 0x0000000088900000, 0x0000000088900000|100%| E|CS|TAMS 0x0000000088800000, 0x0000000088800000| Complete 
| 103|0x0000000088900000, 0x0000000088a00000, 0x0000000088a00000|100%| E|CS|TAMS 0x0000000088900000, 0x0000000088900000| Complete 
| 104|0x0000000088a00000, 0x0000000088b00000, 0x0000000088b00000|100%| E|CS|TAMS 0x0000000088a00000, 0x0000000088a00000| Complete 
| 105|0x0000000088b00000, 0x0000000088c00000, 0x0000000088c00000|100%| E|CS|TAMS 0x0000000088b00000, 0x0000000088b00000| Complete 
| 106|0x0000000088c00000, 0x0000000088d00000, 0x0000000088d00000|100%| E|CS|TAMS 0x0000000088c00000, 0x0000000088c00000| Complete 
| 107|0x0000000088d00000, 0x0000000088e00000, 0x0000000088e00000|100%| E|CS|TAMS 0x0000000088d00000, 0x0000000088d00000| Complete 
| 108|0x0000000088e00000, 0x0000000088f00000, 0x0000000088f00000|100%| E|CS|TAMS 0x0000000088e00000, 0x0000000088e00000| Complete 
| 109|0x0000000088f00000, 0x0000000089000000, 0x0000000089000000|100%| E|CS|TAMS 0x0000000088f00000, 0x0000000088f00000| Complete 
| 110|0x0000000089000000, 0x0000000089100000, 0x0000000089100000|100%| E|CS|TAMS 0x0000000089000000, 0x0000000089000000| Complete 
| 111|0x0000000089100000, 0x0000000089200000, 0x0000000089200000|100%| E|CS|TAMS 0x0000000089100000, 0x0000000089100000| Complete 
| 112|0x0000000089200000, 0x0000000089300000, 0x0000000089300000|100%| E|CS|TAMS 0x0000000089200000, 0x0000000089200000| Complete 
| 113|0x0000000089300000, 0x0000000089400000, 0x0000000089400000|100%| E|CS|TAMS 0x0000000089300000, 0x0000000089300000| Complete 
| 114|0x0000000089400000, 0x0000000089500000, 0x0000000089500000|100%| E|CS|TAMS 0x0000000089400000, 0x0000000089400000| Complete 
| 115|0x0000000089500000, 0x0000000089600000, 0x0000000089600000|100%| E|CS|TAMS 0x0000000089500000, 0x0000000089500000| Complete 
| 116|0x0000000089600000, 0x0000000089700000, 0x0000000089700000|100%| E|CS|TAMS 0x0000000089600000, 0x0000000089600000| Complete 
| 117|0x0000000089700000, 0x0000000089800000, 0x0000000089800000|100%| E|CS|TAMS 0x0000000089700000, 0x0000000089700000| Complete 
| 118|0x0000000089800000, 0x0000000089900000, 0x0000000089900000|100%| E|CS|TAMS 0x0000000089800000, 0x0000000089800000| Complete 
| 119|0x0000000089900000, 0x0000000089a00000, 0x0000000089a00000|100%| E|CS|TAMS 0x0000000089900000, 0x0000000089900000| Complete 
| 120|0x0000000089a00000, 0x0000000089b00000, 0x0000000089b00000|100%| E|CS|TAMS 0x0000000089a00000, 0x0000000089a00000| Complete 
| 121|0x0000000089b00000, 0x0000000089c00000, 0x0000000089c00000|100%| E|CS|TAMS 0x0000000089b00000, 0x0000000089b00000| Complete 
| 122|0x0000000089c00000, 0x0000000089d00000, 0x0000000089d00000|100%| E|CS|TAMS 0x0000000089c00000, 0x0000000089c00000| Complete 
| 123|0x0000000089d00000, 0x0000000089e00000, 0x0000000089e00000|100%| E|CS|TAMS 0x0000000089d00000, 0x0000000089d00000| Complete 
| 124|0x0000000089e00000, 0x0000000089f00000, 0x0000000089f00000|100%| E|CS|TAMS 0x0000000089e00000, 0x0000000089e00000| Complete 
| 125|0x0000000089f00000, 0x000000008a000000, 0x000000008a000000|100%| E|CS|TAMS 0x0000000089f00000, 0x0000000089f00000| Complete 

Card table byte_map: [0x000001bd1ec80000,0x000001bd1f070000] _byte_map_base: 0x000001bd1e86f000

Marking Bits (Prev, Next): (CMBitMap*) 0x000001bd073d5988, (CMBitMap*) 0x000001bd073d59c8
 Prev Bits: [0x000001bd1f460000, 0x000001bd213d8000)
 Next Bits: [0x000001bd213e0000, 0x000001bd23358000)

Polling page: 0x000001bd06b60000

Metaspace:

Usage:
  Non-class:     14.88 MB capacity,    13.65 MB ( 92%) used,     1.21 MB (  8%) free+waste,    19.50 KB ( <1%) overhead. 
      Class:      2.08 MB capacity,     1.78 MB ( 86%) used,   297.87 KB ( 14%) free+waste,     8.88 KB ( <1%) overhead. 
       Both:     16.97 MB capacity,    15.44 MB ( 91%) used,     1.50 MB (  9%) free+waste,    28.38 KB ( <1%) overhead. 

Virtual space:
  Non-class space:       16.00 MB reserved,      15.00 MB ( 94%) committed 
      Class space:        1.00 GB reserved,       2.13 MB ( <1%) committed 
             Both:        1.02 GB reserved,      17.13 MB (  2%) committed 

Chunk freelists:
   Non-Class:  56.00 KB
       Class:  10.00 KB
        Both:  66.00 KB

MaxMetaspaceSize: 17179869184.00 GB
CompressedClassSpaceSize: 1.00 GB

CodeHeap 'non-profiled nmethods': size=120000Kb used=1893Kb max_used=1893Kb free=118107Kb
 bounds [0x000001bd17360000, 0x000001bd175d0000, 0x000001bd1e890000]
CodeHeap 'profiled nmethods': size=120000Kb used=8484Kb max_used=8484Kb free=111515Kb
 bounds [0x000001bd0fe30000, 0x000001bd10680000, 0x000001bd17360000]
CodeHeap 'non-nmethods': size=5760Kb used=1210Kb max_used=1252Kb free=4549Kb
 bounds [0x000001bd0f890000, 0x000001bd0fb00000, 0x000001bd0fe30000]
 total_blobs=5292 nmethods=3656 adapters=376
 compilation: enabled
              stopped_count=0, restarted_count=0
 full_count=0

Compilation events (20 events):
Event: 5.270 Thread 0x000001bd2596d000 3578   !   3       org.codehaus.plexus.classworlds.realm.ClassRealm::loadClass (33 bytes)
Event: 5.271 Thread 0x000001bd2596d000 nmethod 3578 0x000001bd10615910 code [0x000001bd10615ae0, 0x000001bd10615e20]
Event: 5.271 Thread 0x000001bd2596d000 3580       3       org.codehaus.plexus.classworlds.realm.ClassRealm::loadClass (7 bytes)
Event: 5.271 Thread 0x000001bd2596d000 nmethod 3580 0x000001bd10615f90 code [0x000001bd10616160, 0x000001bd106165a0]
Event: 5.271 Thread 0x000001bd2596d000 3579   !   3       org.codehaus.plexus.classworlds.realm.ClassRealm::unsynchronizedLoadClass (19 bytes)
Event: 5.271 Thread 0x000001bd2596d000 nmethod 3579 0x000001bd10616710 code [0x000001bd106168e0, 0x000001bd10616ba0]
Event: 5.271 Thread 0x000001bd2596d000 3581       3       org.codehaus.plexus.classworlds.strategy.SelfFirstStrategy::loadClass (50 bytes)
Event: 5.272 Thread 0x000001bd2596d000 nmethod 3581 0x000001bd10616c90 code [0x000001bd10616ec0, 0x000001bd10617960]
Event: 5.272 Thread 0x000001bd2596d000 3582   !   3       org.codehaus.plexus.classworlds.realm.ClassRealm::loadClassFromImport (21 bytes)
Event: 5.272 Thread 0x000001bd2596d000 nmethod 3582 0x000001bd10617c90 code [0x000001bd10617e60, 0x000001bd10618200]
Event: 5.276 Thread 0x000001bd27257000 3583  s    4       java.lang.StringBuffer::append (13 bytes)
Event: 5.276 Thread 0x000001bd2596d000 3584       3       org.netbeans.shaded.json.simple.JSONValue::escape (276 bytes)
Event: 5.279 Thread 0x000001bd2596d000 nmethod 3584 0x000001bd10618310 code [0x000001bd10618760, 0x000001bd1061b790]
Event: 5.293 Thread 0x000001bd27257000 nmethod 3583 0x000001bd17533610 code [0x000001bd175337c0, 0x000001bd17533fc8]
Event: 5.293 Thread 0x000001bd27257000 3587       4       java.nio.CharBuffer::limit (8 bytes)
Event: 5.294 Thread 0x000001bd27257000 nmethod 3587 0x000001bd17534290 code [0x000001bd17534420, 0x000001bd17534518]
Event: 5.294 Thread 0x000001bd27257000 3585  s    4       org.fusesource.jansi.AnsiPrintStream::filter (948 bytes)
Event: 5.381 Thread 0x000001bd27257000 nmethod 3585 0x000001bd17534610 code [0x000001bd17534980, 0x000001bd17537240]
Event: 5.381 Thread 0x000001bd27257000 3586       4       java.nio.CharBuffer::position (8 bytes)
Event: 5.382 Thread 0x000001bd27257000 nmethod 3586 0x000001bd17538610 code [0x000001bd175387a0, 0x000001bd17538878]

GC Heap History (8 events):
Event: 0.818 GC heap before
{Heap before GC invocations=0 (full 0):
 garbage-first heap   total 129024K, used 14336K [0x0000000082200000, 0x0000000100000000)
  region size 1024K, 14 young (14336K), 0 survivors (0K)
 Metaspace       used 3804K, capacity 6876K, committed 7168K, reserved 1056768K
  class space    used 405K, capacity 721K, committed 768K, reserved 1048576K
}
Event: 0.825 GC heap after
{Heap after GC invocations=1 (full 0):
 garbage-first heap   total 129024K, used 3207K [0x0000000082200000, 0x0000000100000000)
  region size 1024K, 2 young (2048K), 2 survivors (2048K)
 Metaspace       used 3804K, capacity 6876K, committed 7168K, reserved 1056768K
  class space    used 405K, capacity 721K, committed 768K, reserved 1048576K
}
Event: 1.062 GC heap before
{Heap before GC invocations=1 (full 0):
 garbage-first heap   total 129024K, used 13447K [0x0000000082200000, 0x0000000100000000)
  region size 1024K, 12 young (12288K), 2 survivors (2048K)
 Metaspace       used 5121K, capacity 7752K, committed 7808K, reserved 1056768K
  class space    used 603K, capacity 885K, committed 896K, reserved 1048576K
}
Event: 1.066 GC heap after
{Heap after GC invocations=2 (full 0):
 garbage-first heap   total 129024K, used 3568K [0x0000000082200000, 0x0000000100000000)
  region size 1024K, 1 young (1024K), 1 survivors (1024K)
 Metaspace       used 5121K, capacity 7752K, committed 7808K, reserved 1056768K
  class space    used 603K, capacity 885K, committed 896K, reserved 1048576K
}
Event: 1.677 GC heap before
{Heap before GC invocations=2 (full 0):
 garbage-first heap   total 129024K, used 32240K [0x0000000082200000, 0x0000000100000000)
  region size 1024K, 29 young (29696K), 1 survivors (1024K)
 Metaspace       used 8820K, capacity 11085K, committed 11392K, reserved 1058816K
  class space    used 1058K, capacity 1349K, committed 1408K, reserved 1048576K
}
Event: 1.681 GC heap after
{Heap after GC invocations=3 (full 0):
 garbage-first heap   total 129024K, used 4654K [0x0000000082200000, 0x0000000100000000)
  region size 1024K, 2 young (2048K), 2 survivors (2048K)
 Metaspace       used 8820K, capacity 11085K, committed 11392K, reserved 1058816K
  class space    used 1058K, capacity 1349K, committed 1408K, reserved 1048576K
}
Event: 3.840 GC heap before
{Heap before GC invocations=3 (full 0):
 garbage-first heap   total 129024K, used 54830K [0x0000000082200000, 0x0000000100000000)
  region size 1024K, 51 young (52224K), 2 survivors (2048K)
 Metaspace       used 13238K, capacity 14963K, committed 15104K, reserved 1062912K
  class space    used 1519K, capacity 1758K, committed 1792K, reserved 1048576K
}
Event: 3.850 GC heap after
{Heap after GC invocations=4 (full 0):
 garbage-first heap   total 129024K, used 7926K [0x0000000082200000, 0x0000000100000000)
  region size 1024K, 5 young (5120K), 5 survivors (5120K)
 Metaspace       used 13238K, capacity 14963K, committed 15104K, reserved 1062912K
  class space    used 1519K, capacity 1758K, committed 1792K, reserved 1048576K
}

Deoptimization events (20 events):
Event: 5.015 Thread 0x000001bd07391000 DEOPT PACKING pc=0x000001bd1741599c sp=0x00000047c14fd3d0
Event: 5.015 Thread 0x000001bd07391000 DEOPT UNPACKING pc=0x000001bd0f8d912f sp=0x00000047c14fd368 mode 2
Event: 5.208 Thread 0x000001bd07391000 Uncommon trap: trap_request=0xffffffde fr.pc=0x000001bd1741599c relative=0x000000000000007c
Event: 5.208 Thread 0x000001bd07391000 Uncommon trap: reason=class_check action=maybe_recompile pc=0x000001bd1741599c method=com.google.inject.internal.LinkedBindingImpl.acceptTargetVisitor(Lcom/google/inject/spi/BindingTargetVisitor;)Ljava/lang/Object; @ 2 c2
Event: 5.208 Thread 0x000001bd07391000 DEOPT PACKING pc=0x000001bd1741599c sp=0x00000047c14fd3f0
Event: 5.208 Thread 0x000001bd07391000 DEOPT UNPACKING pc=0x000001bd0f8d912f sp=0x00000047c14fd378 mode 2
Event: 5.208 Thread 0x000001bd07391000 Uncommon trap: trap_request=0xffffffde fr.pc=0x000001bd1741599c relative=0x000000000000007c
Event: 5.208 Thread 0x000001bd07391000 Uncommon trap: reason=class_check action=maybe_recompile pc=0x000001bd1741599c method=com.google.inject.internal.LinkedBindingImpl.acceptTargetVisitor(Lcom/google/inject/spi/BindingTargetVisitor;)Ljava/lang/Object; @ 2 c2
Event: 5.208 Thread 0x000001bd07391000 DEOPT PACKING pc=0x000001bd1741599c sp=0x00000047c14fd3f0
Event: 5.208 Thread 0x000001bd07391000 DEOPT UNPACKING pc=0x000001bd0f8d912f sp=0x00000047c14fd378 mode 2
Event: 5.218 Thread 0x000001bd07391000 Uncommon trap: trap_request=0xffffff45 fr.pc=0x000001bd174bc5f0 relative=0x0000000000000130
Event: 5.218 Thread 0x000001bd07391000 Uncommon trap: reason=unstable_if action=reinterpret pc=0x000001bd174bc5f0 method=java.lang.ThreadLocal$ThreadLocalMap.getEntry(Ljava/lang/ThreadLocal;)Ljava/lang/ThreadLocal$ThreadLocalMap$Entry; @ 29 c2
Event: 5.218 Thread 0x000001bd07391000 DEOPT PACKING pc=0x000001bd174bc5f0 sp=0x00000047c14fd3c0
Event: 5.218 Thread 0x000001bd07391000 DEOPT UNPACKING pc=0x000001bd0f8d912f sp=0x00000047c14fd2f8 mode 2
Event: 5.224 Thread 0x000001bd07391000 Uncommon trap: trap_request=0xffffff54 fr.pc=0x000001bd174dc5d8 relative=0x00000000000002b8
Event: 5.224 Thread 0x000001bd07391000 Uncommon trap: reason=speculate_null_assert action=make_not_entrant pc=0x000001bd174dc5d8 method=org.eclipse.sisu.inject.RankedBindings$Itr.hasNext()Z @ 80 c2
Event: 5.224 Thread 0x000001bd07391000 DEOPT PACKING pc=0x000001bd174dc5d8 sp=0x00000047c14fd830
Event: 5.224 Thread 0x000001bd07391000 DEOPT UNPACKING pc=0x000001bd0f8d912f sp=0x00000047c14fd818 mode 2
Event: 5.252 Thread 0x000001bd07391000 DEOPT PACKING pc=0x000001bd0ff0e634 sp=0x00000047c14f70e0
Event: 5.252 Thread 0x000001bd07391000 DEOPT UNPACKING pc=0x000001bd0f8d964e sp=0x00000047c14f64e0 mode 0

Classes unloaded (0 events):
No events

Classes redefined (0 events):
No events

Internal exceptions (8 events):
Event: 0.191 Thread 0x000001bd07391000 Exception <a 'java/lang/NoSuchMethodError'{0x0000000089c08088}: 'int java.lang.invoke.DirectMethodHandle$Holder.invokeSpecialIFC(java.lang.Object, java.lang.Object, int)'> (0x0000000089c08088) 
thrown [t:/workspace/open/src/hotspot/share/interpreter/linkResolver.cpp, line 767]
Event: 1.909 Thread 0x000001bd07391000 Exception <a 'java/lang/NoClassDefFoundError'{0x00000000897acb80}: com/google/inject/servlet/ServletModuleTargetVisitor> (0x00000000897acb80) 
thrown [t:/workspace/open/src/hotspot/share/classfile/systemDictionary.cpp, line 221]
Event: 1.909 Thread 0x000001bd07391000 Exception <a 'java/lang/NoClassDefFoundError'{0x00000000897afdf8}: javax/annotation/Priority> (0x00000000897afdf8) 
thrown [t:/workspace/open/src/hotspot/share/classfile/systemDictionary.cpp, line 221]
Event: 1.993 Thread 0x000001bd07391000 Exception <a 'java/lang/NoSuchMethodError'{0x0000000089418a18}: 'java.lang.Object java.lang.invoke.DirectMethodHandle$Holder.invokeStaticInit(java.lang.Object, int, int, int, int)'> (0x0000000089418a18) 
thrown [t:/workspace/open/src/hotspot/share/interpreter/linkResolver.cpp, line 767]
Event: 3.103 Thread 0x000001bd07391000 Implicit null exception at 0x000001bd173c2665 to 0x000001bd173c2842
Event: 3.106 Thread 0x000001bd07391000 Implicit null exception at 0x000001bd1738c32f to 0x000001bd1738c3ad
Event: 5.082 Thread 0x000001bd07391000 Exception <a 'java/lang/NoClassDefFoundError'{0x000000008747ab88}: org/sonatype/aether/version/VersionConstraint> (0x000000008747ab88) 
thrown [t:/workspace/open/src/hotspot/share/classfile/systemDictionary.cpp, line 221]
Event: 5.116 Thread 0x000001bd07391000 Exception <a 'java/lang/NoClassDefFoundError'{0x00000000872265e8}: org/codehaus/plexus/util/interpolation/ValueSource> (0x00000000872265e8) 
thrown [t:/workspace/open/src/hotspot/share/classfile/systemDictionary.cpp, line 221]

Events (20 events):
Event: 5.270 loading class org/apache/maven/plugin/dependency/utils/DependencyUtil
Event: 5.270 loading class org/apache/maven/plugin/dependency/utils/DependencyUtil done
Event: 5.271 loading class org/apache/maven/artifact/handler/ArtifactHandler
Event: 5.271 loading class org/apache/maven/artifact/handler/ArtifactHandler done
Event: 5.271 loading class org/apache/maven/artifact/handler/ArtifactHandler
Event: 5.271 loading class org/apache/maven/artifact/handler/ArtifactHandler done
Event: 5.271 loading class org/apache/maven/artifact/handler/ArtifactHandler
Event: 5.271 loading class org/apache/maven/artifact/handler/ArtifactHandler done
Event: 5.272 loading class org/apache/maven/plugin/dependency/utils/filters/DestFileFilter
Event: 5.272 loading class org/apache/maven/plugin/dependency/utils/filters/DestFileFilter done
Event: 5.272 loading class org/apache/maven/plugin/dependency/utils/filters/DestFileFilter
Event: 5.272 loading class org/apache/maven/plugin/dependency/utils/filters/DestFileFilter done
Event: 5.272 loading class org/apache/maven/plugin/dependency/utils/filters/DestFileFilter
Event: 5.272 loading class org/apache/maven/plugin/dependency/utils/filters/DestFileFilter done
Event: 5.272 loading class org/apache/maven/plugin/dependency/utils/filters/DestFileFilter
Event: 5.272 loading class org/apache/maven/plugin/dependency/utils/filters/DestFileFilter done
Event: 5.272 loading class org/apache/maven/shared/artifact/filter/collection/AbstractArtifactsFilter
Event: 5.272 loading class org/apache/maven/shared/artifact/filter/collection/AbstractArtifactsFilter done
Event: 5.272 loading class org/apache/maven/shared/artifact/filter/collection/AbstractArtifactsFilter
Event: 5.272 loading class org/apache/maven/shared/artifact/filter/collection/AbstractArtifactsFilter done


Dynamic libraries:
0x00007ff68f890000 - 0x00007ff68f89f000 	D:\Program Files\jdk13\bin\java.exe
0x00007ffbf4c20000 - 0x00007ffbf4e10000 	C:\WINDOWS\SYSTEM32\ntdll.dll
0x00007ffbf4150000 - 0x00007ffbf4202000 	C:\WINDOWS\System32\KERNEL32.DLL
0x00007ffbf2640000 - 0x00007ffbf28e3000 	C:\WINDOWS\System32\KERNELBASE.dll
0x00007ffbf2540000 - 0x00007ffbf263a000 	C:\WINDOWS\System32\ucrtbase.dll
0x00007ffbe1360000 - 0x00007ffbe1378000 	D:\Program Files\jdk13\bin\jli.dll
0x00007ffbc10d0000 - 0x00007ffbc10e5000 	D:\Program Files\jdk13\bin\VCRUNTIME140.dll
0x00007ffbf4970000 - 0x00007ffbf4a13000 	C:\WINDOWS\System32\ADVAPI32.dll
0x00007ffbf2d80000 - 0x00007ffbf2e1e000 	C:\WINDOWS\System32\msvcrt.dll
0x00007ffbf3bd0000 - 0x00007ffbf3c67000 	C:\WINDOWS\System32\sechost.dll
0x00007ffbf2e20000 - 0x00007ffbf2f40000 	C:\WINDOWS\System32\RPCRT4.dll
0x00007ffbf2ff0000 - 0x00007ffbf3184000 	C:\WINDOWS\System32\USER32.dll
0x00007ffbf1bb0000 - 0x00007ffbf1bd1000 	C:\WINDOWS\System32\win32u.dll
0x00007ffbe5790000 - 0x00007ffbe5a15000 	C:\WINDOWS\WinSxS\amd64_microsoft.windows.common-controls_6595b64144ccf1df_6.0.18362.418_none_e6c6b287130d565d\COMCTL32.dll
0x00007ffbf3dd0000 - 0x00007ffbf3df6000 	C:\WINDOWS\System32\GDI32.dll
0x00007ffbf3e10000 - 0x00007ffbf4146000 	C:\WINDOWS\System32\combase.dll
0x00007ffbf28f0000 - 0x00007ffbf2a84000 	C:\WINDOWS\System32\gdi32full.dll
0x00007ffbf2380000 - 0x00007ffbf2400000 	C:\WINDOWS\System32\bcryptPrimitives.dll
0x00007ffbf2be0000 - 0x00007ffbf2c7e000 	C:\WINDOWS\System32\msvcp_win.dll
0x00007ffbebc10000 - 0x00007ffbebc1a000 	C:\WINDOWS\SYSTEM32\VERSION.dll
0x00007ffbf3b30000 - 0x00007ffbf3b5e000 	C:\WINDOWS\System32\IMM32.DLL
0x00007ffbafde0000 - 0x00007ffbafe7b000 	D:\Program Files\jdk13\bin\msvcp140.dll
0x00007ffb866c0000 - 0x00007ffb8721d000 	D:\Program Files\jdk13\bin\server\jvm.dll
0x00007ffbf3270000 - 0x00007ffbf3278000 	C:\WINDOWS\System32\PSAPI.DLL
0x00007ffbead20000 - 0x00007ffbead29000 	C:\WINDOWS\SYSTEM32\WSOCK32.dll
0x00007ffbf3b60000 - 0x00007ffbf3bcf000 	C:\WINDOWS\System32\WS2_32.dll
0x00007ffbee790000 - 0x00007ffbee7b4000 	C:\WINDOWS\SYSTEM32\WINMM.dll
0x00007ffbee760000 - 0x00007ffbee78d000 	C:\WINDOWS\SYSTEM32\winmmbase.dll
0x00007ffbf2c80000 - 0x00007ffbf2cca000 	C:\WINDOWS\System32\cfgmgr32.dll
0x00007ffbf1b70000 - 0x00007ffbf1b81000 	C:\WINDOWS\System32\kernel.appcore.dll
0x00007ffbce1e0000 - 0x00007ffbce1f0000 	D:\Program Files\jdk13\bin\verify.dll
0x00007ffbdea40000 - 0x00007ffbdec34000 	C:\WINDOWS\SYSTEM32\DBGHELP.DLL
0x00007ffbd5f60000 - 0x00007ffbd5f8a000 	C:\WINDOWS\SYSTEM32\dbgcore.DLL
0x00007ffbc0080000 - 0x00007ffbc00a6000 	D:\Program Files\jdk13\bin\java.dll
0x00007ffbc0d00000 - 0x00007ffbc0d17000 	D:\Program Files\jdk13\bin\zip.dll
0x00007ffbcd7c0000 - 0x00007ffbcd7ca000 	D:\Program Files\jdk13\bin\jimage.dll
0x00007ffbf3440000 - 0x00007ffbf3b25000 	C:\WINDOWS\System32\SHELL32.dll
0x00007ffbf2cd0000 - 0x00007ffbf2d79000 	C:\WINDOWS\System32\shcore.dll
0x00007ffbf1be0000 - 0x00007ffbf235f000 	C:\WINDOWS\System32\windows.storage.dll
0x00007ffbf1b50000 - 0x00007ffbf1b6f000 	C:\WINDOWS\System32\profapi.dll
0x00007ffbf1b00000 - 0x00007ffbf1b4a000 	C:\WINDOWS\System32\powrprof.dll
0x00007ffbf1af0000 - 0x00007ffbf1b00000 	C:\WINDOWS\System32\UMPDC.dll
0x00007ffbf4270000 - 0x00007ffbf42c2000 	C:\WINDOWS\System32\shlwapi.dll
0x00007ffbf2360000 - 0x00007ffbf2377000 	C:\WINDOWS\System32\cryptsp.dll
0x00007ffbc0370000 - 0x00007ffbc0389000 	D:\Program Files\jdk13\bin\net.dll
0x00007ffbe4f40000 - 0x00007ffbe5030000 	C:\WINDOWS\SYSTEM32\WINHTTP.dll
0x00007ffbf1360000 - 0x00007ffbf13c7000 	C:\WINDOWS\system32\mswsock.dll
0x00007ffbc0060000 - 0x00007ffbc0073000 	D:\Program Files\jdk13\bin\nio.dll
0x00007ffbe4ea0000 - 0x00007ffbe4eaa000 	D:\Program Files\NetBeans-12.0\netbeans\java\maven\lib\jansi-native\windows64\jansi.dll

dbghelp: loaded successfully - version: 4.0.5 - missing functions: none
symbol engine: initialized successfully - sym options: 0x614 - pdb path: .;D:\Program Files\jdk13\bin;C:\WINDOWS\SYSTEM32;C:\WINDOWS\WinSxS\amd64_microsoft.windows.common-controls_6595b64144ccf1df_6.0.18362.418_none_e6c6b287130d565d;D:\Program Files\jdk13\bin\server;D:\Program Files\NetBeans-12.0\netbeans\java\maven\lib\jansi-native\windows64

VM Arguments:
jvm_args: -Dclassworlds.conf=D:\Program Files\NetBeans-12.0\netbeans\java\maven\bin\..\bin\m2.conf -Dmaven.home=D:\Program Files\NetBeans-12.0\netbeans\java\maven\bin\.. -Dlibrary.jansi.path=D:\Program Files\NetBeans-12.0\netbeans\java\maven\bin\..\lib\jansi-native -Dmaven.multiModuleProjectDirectory=C:\Users\TAI\Desktop\LearnServlet\Product 
java_command: org.codehaus.plexus.classworlds.launcher.Launcher -Dnetbeans.deploy=true -Dnetbeans.deploy.clientUrlPart=/AddNewProduct.jsp -Dmaven.ext.class.path=D:\Program Files\NetBeans-12.0\netbeans\java\maven-nblib\netbeans-eventspy.jar -Dfile.encoding=UTF-8 package
java_class_path (initial): D:\Program Files\NetBeans-12.0\netbeans\java\maven\bin\..\boot\plexus-classworlds-2.6.0.jar
Launcher Type: SUN_STANDARD

[Global flags]
     intx CICompilerCount                          = 3                                         {product} {ergonomic}
     uint ConcGCThreads                            = 1                                         {product} {ergonomic}
     uint G1ConcRefinementThreads                  = 4                                         {product} {ergonomic}
   size_t G1HeapRegionSize                         = 1048576                                   {product} {ergonomic}
    uintx GCDrainStackTargetSize                   = 64                                        {product} {ergonomic}
   size_t InitialHeapSize                          = 132120576                                 {product} {ergonomic}
   size_t MarkStackSize                            = 4194304                                   {product} {ergonomic}
   size_t MaxHeapSize                              = 2111832064                                {product} {ergonomic}
   size_t MaxNewSize                               = 1266679808                                {product} {ergonomic}
   size_t MinHeapDeltaBytes                        = 1048576                                   {product} {ergonomic}
   size_t MinHeapSize                              = 8388608                                   {product} {ergonomic}
    uintx NonNMethodCodeHeapSize                   = 5832780                                {pd product} {ergonomic}
    uintx NonProfiledCodeHeapSize                  = 122912730                              {pd product} {ergonomic}
    uintx ProfiledCodeHeapSize                     = 122912730                              {pd product} {ergonomic}
    uintx ReservedCodeCacheSize                    = 251658240                              {pd product} {ergonomic}
     bool SegmentedCodeCache                       = true                                      {product} {ergonomic}
   size_t SoftMaxHeapSize                          = 2111832064                             {manageable} {ergonomic}
     bool UseCompressedClassPointers               = true                                 {lp64_product} {ergonomic}
     bool UseCompressedOops                        = true                                 {lp64_product} {ergonomic}
     bool UseG1GC                                  = true                                      {product} {ergonomic}
     bool UseLargePagesIndividualAllocation        = false                                  {pd product} {ergonomic}

Logging:
Log output configuration:
 #0: stdout all=warning uptime,level,tags
 #1: stderr all=off uptime,level,tags

Environment Variables:
JAVA_HOME=D:\Program Files\jdk13
PATH=C:\Program Files\Microsoft MPI\Bin\;C:\Program Files (x86)\Common Files\Oracle\Java\javapath;C:\WINDOWS\system32;C:\WINDOWS;C:\WINDOWS\System32\Wbem;C:\WINDOWS\System32\WindowsPowerShell\v1.0\;C:\WINDOWS\System32\OpenSSH\;C:\Program Files\Git\cmd;C:\Program Files (x86)\Microsoft SQL Server\130\Tools\Binn\;C:\Program Files\Microsoft SQL Server\130\Tools\Binn\;C:\Program Files (x86)\Microsoft SQL Server\130\DTS\Binn\;C:\Program Files\Microsoft SQL Server\130\DTS\Binn\;C:\Program Files\Microsoft SQL Server\Client SDK\ODBC\130\Tools\Binn\;C:\Program Files (x86)\Microsoft SQL Server\Client SDK\ODBC\130\Tools\Binn\;C:\Program Files (x86)\Microsoft SQL Server\130\Tools\Binn\ManagementStudio\;C:\Users\TAI\AppData\Local\Microsoft\WindowsApps;;C:\Users\TAI\AppData\Local\Programs\Microsoft VS Code\bin
USERNAME=TAI
OS=Windows_NT
PROCESSOR_IDENTIFIER=Intel64 Family 6 Model 78 Stepping 3, GenuineIntel



---------------  S Y S T E M  ---------------

OS: Windows 10 , 64 bit Build 18362 (10.0.18362.329)

CPU:total 4 (initial active 4) (2 cores per cpu, 2 threads per core) family 6 model 78 stepping 3, cmov, cx8, fxsr, mmx, sse, sse2, sse3, ssse3, sse4.1, sse4.2, popcnt, avx, avx2, aes, clmul, erms, 3dnowpref, lzcnt, ht, tsc, tscinvbit, bmi1, bmi2, adx, fma

Memory: 4k page, system-wide physical 8051M (1304M free)
TotalPageFile size 12123M (AvailPageFile size 5M)
current process WorkingSet (physical memory assigned to process): 156M, peak: 156M
current process commit charge ("private bytes"): 255M, peak: 255M

vm_info: Java HotSpot(TM) 64-Bit Server VM (13.0.2+8) for windows-amd64 JRE (13.0.2+8), built on Dec 11 2019 09:20:33 by "mach5one" with unknown MS VC++:1916

END.
