#
# There is insufficient memory for the Java Runtime Environment to continue.
# Native memory allocation (malloc) failed to allocate 735056 bytes for Chunk::new
# Possible reasons:
#   The system is out of physical RAM or swap space
#   The process is running with CompressedOops enabled, and the Java Heap may be blocking the growth of the native heap
# Possible solutions:
#   Reduce memory load on the system
#   Increase physical memory or swap space
#   Check if swap backing store is full
#   Decrease Java heap size (-Xmx/-Xms)
#   Decrease number of Java threads
#   Decrease Java thread stack sizes (-Xss)
#   Set larger code cache with -XX:ReservedCodeCacheSize=
#   JVM is running with Unscaled Compressed Oops mode in which the Java heap is
#     placed in the first 4GB address space. The Java Heap base address is the
#     maximum limit for the native heap growth. Please use -XX:HeapBaseMinAddress
#     to set the Java Heap base and to place the Java Heap above 4GB virtual address.
# This output file may be truncated or incomplete.
#
#  Out of Memory Error (t:/workspace/open/src/hotspot/share/memory/arena.cpp:196), pid=5772, tid=13248
#
# JRE version: Java(TM) SE Runtime Environment (13.0.2+8) (build 13.0.2+8)
# Java VM: Java HotSpot(TM) 64-Bit Server VM (13.0.2+8, mixed mode, sharing, tiered, compressed oops, g1 gc, windows-amd64)
# No core dump will be written. Minidumps are not enabled by default on client versions of Windows
#

---------------  S U M M A R Y ------------

Command Line: -Dclassworlds.conf=D:\Program Files\NetBeans-12.0\netbeans\java\maven\bin\..\bin\m2.conf -Dmaven.home=D:\Program Files\NetBeans-12.0\netbeans\java\maven\bin\.. -Dlibrary.jansi.path=D:\Program Files\NetBeans-12.0\netbeans\java\maven\bin\..\lib\jansi-native -Dmaven.multiModuleProjectDirectory=C:\Users\TAI\Desktop\LearnServlet\Product org.codehaus.plexus.classworlds.launcher.Launcher -Dnetbeans.deploy=true -Dnetbeans.deploy.clientUrlPart=/AddNewProduct.jsp -Dmaven.ext.class.path=D:\Program Files\NetBeans-12.0\netbeans\java\maven-nblib\netbeans-eventspy.jar -Dfile.encoding=UTF-8 package

Host: Intel(R) Core(TM) i5-6200U CPU @ 2.30GHz, 4 cores, 7G,  Windows 10 , 64 bit Build 18362 (10.0.18362.329)
Time: Sat Jul 25 20:09:11 2020 SE Asia Standard Time elapsed time: 2 seconds (0d 0h 0m 2s)

---------------  T H R E A D  ---------------

Current thread (0x0000022454ec5000):  JavaThread "C2 CompilerThread0" daemon [_thread_in_native, id=13248, stack(0x0000007e8fe00000,0x0000007e8ff00000)]


Current CompileTask:
C2:   2055 1753   !   4       java.net.URL::<init> (543 bytes)

Stack: [0x0000007e8fe00000,0x0000007e8ff00000]
Native frames: (J=compiled Java code, j=interpreted, Vv=VM code, C=native code)
V  [jvm.dll+0x624f9a]
V  [jvm.dll+0x770cfa]
V  [jvm.dll+0x7724af]
V  [jvm.dll+0x772ab3]
V  [jvm.dll+0x24bf08]
V  [jvm.dll+0xc1e47]
V  [jvm.dll+0xc23cc]
V  [jvm.dll+0x2bdbf4]
V  [jvm.dll+0x5441fd]
V  [jvm.dll+0x20e00a]
V  [jvm.dll+0x207ace]
V  [jvm.dll+0x204d1d]
V  [jvm.dll+0x189c2c]
V  [jvm.dll+0x213e6d]
V  [jvm.dll+0x2120bb]
V  [jvm.dll+0x736bb6]
V  [jvm.dll+0x72fcaa]
V  [jvm.dll+0x623ea6]
C  [ucrtbase.dll+0x20e72]
C  [KERNEL32.DLL+0x17bd4]
C  [ntdll.dll+0x6ced1]


---------------  P R O C E S S  ---------------

Threads class SMR info:
_java_thread_list=0x000002245643a0e0, length=11, elements={
0x00000224368f2800, 0x0000022454ea3000, 0x0000022454ea6000, 0x0000022454ec2000,
0x0000022454ec4000, 0x0000022454ec5000, 0x0000022454ed5800, 0x0000022454ed9000,
0x0000022455909800, 0x0000022455933000, 0x000002245641d800
}

Java Threads: ( => current thread )
  0x00000224368f2800 JavaThread "main" [_thread_in_vm, id=9296, stack(0x0000007e8f300000,0x0000007e8f400000)]
  0x0000022454ea3000 JavaThread "Reference Handler" daemon [_thread_blocked, id=4940, stack(0x0000007e8fa00000,0x0000007e8fb00000)]
  0x0000022454ea6000 JavaThread "Finalizer" daemon [_thread_blocked, id=5508, stack(0x0000007e8fb00000,0x0000007e8fc00000)]
  0x0000022454ec2000 JavaThread "Signal Dispatcher" daemon [_thread_blocked, id=14596, stack(0x0000007e8fc00000,0x0000007e8fd00000)]
  0x0000022454ec4000 JavaThread "Attach Listener" daemon [_thread_blocked, id=14476, stack(0x0000007e8fd00000,0x0000007e8fe00000)]
=>0x0000022454ec5000 JavaThread "C2 CompilerThread0" daemon [_thread_in_native, id=13248, stack(0x0000007e8fe00000,0x0000007e8ff00000)]
  0x0000022454ed5800 JavaThread "C1 CompilerThread0" daemon [_thread_blocked, id=6792, stack(0x0000007e8ff00000,0x0000007e90000000)]
  0x0000022454ed9000 JavaThread "Sweeper thread" daemon [_thread_blocked, id=11636, stack(0x0000007e90000000,0x0000007e90100000)]
  0x0000022455909800 JavaThread "Service Thread" daemon [_thread_blocked, id=10716, stack(0x0000007e90100000,0x0000007e90200000)]
  0x0000022455933000 JavaThread "Common-Cleaner" daemon [_thread_blocked, id=228, stack(0x0000007e90300000,0x0000007e90400000)]
  0x000002245641d800 JavaThread "C2 CompilerThread1" daemon [_thread_blocked, id=7492, stack(0x0000007e90600000,0x0000007e90700000)]

Other Threads:
  0x0000022454e9f000 VMThread "VM Thread" [stack: 0x0000007e8f900000,0x0000007e8fa00000] [id=12640]
  0x0000022455932800 WatcherThread [stack: 0x0000007e90200000,0x0000007e90300000] [id=15000]
  0x0000022436936000 GCTaskThread "GC Thread#0" [stack: 0x0000007e8f400000,0x0000007e8f500000] [id=5668]
  0x000002245618b000 GCTaskThread "GC Thread#1" [stack: 0x0000007e90400000,0x0000007e90500000] [id=16744]
  0x0000022456206000 GCTaskThread "GC Thread#2" [stack: 0x0000007e90500000,0x0000007e90600000] [id=17236]
  0x0000022436947800 ConcurrentGCThread "G1 Main Marker" [stack: 0x0000007e8f500000,0x0000007e8f600000] [id=15076]
  0x0000022436949800 ConcurrentGCThread "G1 Conc#0" [stack: 0x0000007e8f600000,0x0000007e8f700000] [id=7448]
  0x0000022454d21800 ConcurrentGCThread "G1 Refine#0" [stack: 0x0000007e8f700000,0x0000007e8f800000] [id=1956]
  0x00000224369bb800 ConcurrentGCThread "G1 Young RemSet Sampling" [stack: 0x0000007e8f800000,0x0000007e8f900000] [id=13628]

Threads with active compile tasks:
C2 CompilerThread0     2115 1753   !   4       java.net.URL::<init> (543 bytes)

VM state:not at safepoint (normal execution)

VM Mutex/Monitor currently owned by a thread: None

Heap address: 0x0000000082200000, size: 2014 MB, Compressed Oops mode: 32-bit
Narrow klass base: 0x0000000800000000, Narrow klass shift: 3
Compressed class space size: 1073741824 Address: 0x0000000800b40000

Heap:
 garbage-first heap   total 129024K, used 57325K [0x0000000082200000, 0x0000000100000000)
  region size 1024K, 56 young (57344K), 2 survivors (2048K)
 Metaspace       used 11683K, capacity 13633K, committed 13696K, reserved 1060864K
  class space    used 1405K, capacity 1655K, committed 1664K, reserved 1048576K
Heap Regions: E=young(eden), S=young(survivor), O=old, HS=humongous(starts), HC=humongous(continues), CS=collection set, F=free, A=archive, TAMS=top-at-mark-start (previous, next)
|   0|0x0000000082200000, 0x00000000822fb600, 0x0000000082300000| 98%| O|  |TAMS 0x0000000082200000, 0x0000000082200000| Untracked 
|   1|0x0000000082300000, 0x0000000082300000, 0x0000000082400000|  0%| F|  |TAMS 0x0000000082300000, 0x0000000082300000| Untracked 
|   2|0x0000000082400000, 0x0000000082400000, 0x0000000082500000|  0%| F|  |TAMS 0x0000000082400000, 0x0000000082400000| Untracked 
|   3|0x0000000082500000, 0x0000000082500000, 0x0000000082600000|  0%| F|  |TAMS 0x0000000082500000, 0x0000000082500000| Untracked 
|   4|0x0000000082600000, 0x0000000082600000, 0x0000000082700000|  0%| F|  |TAMS 0x0000000082600000, 0x0000000082600000| Untracked 
|   5|0x0000000082700000, 0x0000000082700000, 0x0000000082800000|  0%| F|  |TAMS 0x0000000082700000, 0x0000000082700000| Untracked 
|   6|0x0000000082800000, 0x0000000082800000, 0x0000000082900000|  0%| F|  |TAMS 0x0000000082800000, 0x0000000082800000| Untracked 
|   7|0x0000000082900000, 0x0000000082900000, 0x0000000082a00000|  0%| F|  |TAMS 0x0000000082900000, 0x0000000082900000| Untracked 
|   8|0x0000000082a00000, 0x0000000082a00000, 0x0000000082b00000|  0%| F|  |TAMS 0x0000000082a00000, 0x0000000082a00000| Untracked 
|   9|0x0000000082b00000, 0x0000000082b00000, 0x0000000082c00000|  0%| F|  |TAMS 0x0000000082b00000, 0x0000000082b00000| Untracked 
|  10|0x0000000082c00000, 0x0000000082c00000, 0x0000000082d00000|  0%| F|  |TAMS 0x0000000082c00000, 0x0000000082c00000| Untracked 
|  11|0x0000000082d00000, 0x0000000082d00000, 0x0000000082e00000|  0%| F|  |TAMS 0x0000000082d00000, 0x0000000082d00000| Untracked 
|  12|0x0000000082e00000, 0x0000000082e00000, 0x0000000082f00000|  0%| F|  |TAMS 0x0000000082e00000, 0x0000000082e00000| Untracked 
|  13|0x0000000082f00000, 0x0000000082f00000, 0x0000000083000000|  0%| F|  |TAMS 0x0000000082f00000, 0x0000000082f00000| Untracked 
|  14|0x0000000083000000, 0x0000000083000000, 0x0000000083100000|  0%| F|  |TAMS 0x0000000083000000, 0x0000000083000000| Untracked 
|  15|0x0000000083100000, 0x0000000083100000, 0x0000000083200000|  0%| F|  |TAMS 0x0000000083100000, 0x0000000083100000| Untracked 
|  16|0x0000000083200000, 0x0000000083200000, 0x0000000083300000|  0%| F|  |TAMS 0x0000000083200000, 0x0000000083200000| Untracked 
|  17|0x0000000083300000, 0x0000000083300000, 0x0000000083400000|  0%| F|  |TAMS 0x0000000083300000, 0x0000000083300000| Untracked 
|  18|0x0000000083400000, 0x0000000083400000, 0x0000000083500000|  0%| F|  |TAMS 0x0000000083400000, 0x0000000083400000| Untracked 
|  19|0x0000000083500000, 0x0000000083500000, 0x0000000083600000|  0%| F|  |TAMS 0x0000000083500000, 0x0000000083500000| Untracked 
|  20|0x0000000083600000, 0x0000000083600000, 0x0000000083700000|  0%| F|  |TAMS 0x0000000083600000, 0x0000000083600000| Untracked 
|  21|0x0000000083700000, 0x0000000083700000, 0x0000000083800000|  0%| F|  |TAMS 0x0000000083700000, 0x0000000083700000| Untracked 
|  22|0x0000000083800000, 0x0000000083800000, 0x0000000083900000|  0%| F|  |TAMS 0x0000000083800000, 0x0000000083800000| Untracked 
|  23|0x0000000083900000, 0x0000000083900000, 0x0000000083a00000|  0%| F|  |TAMS 0x0000000083900000, 0x0000000083900000| Untracked 
|  24|0x0000000083a00000, 0x0000000083a00000, 0x0000000083b00000|  0%| F|  |TAMS 0x0000000083a00000, 0x0000000083a00000| Untracked 
|  25|0x0000000083b00000, 0x0000000083b00000, 0x0000000083c00000|  0%| F|  |TAMS 0x0000000083b00000, 0x0000000083b00000| Untracked 
|  26|0x0000000083c00000, 0x0000000083c00000, 0x0000000083d00000|  0%| F|  |TAMS 0x0000000083c00000, 0x0000000083c00000| Untracked 
|  27|0x0000000083d00000, 0x0000000083d00000, 0x0000000083e00000|  0%| F|  |TAMS 0x0000000083d00000, 0x0000000083d00000| Untracked 
|  28|0x0000000083e00000, 0x0000000083e00000, 0x0000000083f00000|  0%| F|  |TAMS 0x0000000083e00000, 0x0000000083e00000| Untracked 
|  29|0x0000000083f00000, 0x0000000083f00000, 0x0000000084000000|  0%| F|  |TAMS 0x0000000083f00000, 0x0000000083f00000| Untracked 
|  30|0x0000000084000000, 0x0000000084000000, 0x0000000084100000|  0%| F|  |TAMS 0x0000000084000000, 0x0000000084000000| Untracked 
|  31|0x0000000084100000, 0x0000000084100000, 0x0000000084200000|  0%| F|  |TAMS 0x0000000084100000, 0x0000000084100000| Untracked 
|  32|0x0000000084200000, 0x0000000084200000, 0x0000000084300000|  0%| F|  |TAMS 0x0000000084200000, 0x0000000084200000| Untracked 
|  33|0x0000000084300000, 0x0000000084300000, 0x0000000084400000|  0%| F|  |TAMS 0x0000000084300000, 0x0000000084300000| Untracked 
|  34|0x0000000084400000, 0x0000000084400000, 0x0000000084500000|  0%| F|  |TAMS 0x0000000084400000, 0x0000000084400000| Untracked 
|  35|0x0000000084500000, 0x0000000084500000, 0x0000000084600000|  0%| F|  |TAMS 0x0000000084500000, 0x0000000084500000| Untracked 
|  36|0x0000000084600000, 0x0000000084600000, 0x0000000084700000|  0%| F|  |TAMS 0x0000000084600000, 0x0000000084600000| Untracked 
|  37|0x0000000084700000, 0x0000000084700000, 0x0000000084800000|  0%| F|  |TAMS 0x0000000084700000, 0x0000000084700000| Untracked 
|  38|0x0000000084800000, 0x0000000084800000, 0x0000000084900000|  0%| F|  |TAMS 0x0000000084800000, 0x0000000084800000| Untracked 
|  39|0x0000000084900000, 0x0000000084900000, 0x0000000084a00000|  0%| F|  |TAMS 0x0000000084900000, 0x0000000084900000| Untracked 
|  40|0x0000000084a00000, 0x0000000084a00000, 0x0000000084b00000|  0%| F|  |TAMS 0x0000000084a00000, 0x0000000084a00000| Untracked 
|  41|0x0000000084b00000, 0x0000000084b00000, 0x0000000084c00000|  0%| F|  |TAMS 0x0000000084b00000, 0x0000000084b00000| Untracked 
|  42|0x0000000084c00000, 0x0000000084c00000, 0x0000000084d00000|  0%| F|  |TAMS 0x0000000084c00000, 0x0000000084c00000| Untracked 
|  43|0x0000000084d00000, 0x0000000084d00000, 0x0000000084e00000|  0%| F|  |TAMS 0x0000000084d00000, 0x0000000084d00000| Untracked 
|  44|0x0000000084e00000, 0x0000000084e00000, 0x0000000084f00000|  0%| F|  |TAMS 0x0000000084e00000, 0x0000000084e00000| Untracked 
|  45|0x0000000084f00000, 0x0000000084f00000, 0x0000000085000000|  0%| F|  |TAMS 0x0000000084f00000, 0x0000000084f00000| Untracked 
|  46|0x0000000085000000, 0x0000000085000000, 0x0000000085100000|  0%| F|  |TAMS 0x0000000085000000, 0x0000000085000000| Untracked 
|  47|0x0000000085100000, 0x0000000085100000, 0x0000000085200000|  0%| F|  |TAMS 0x0000000085100000, 0x0000000085100000| Untracked 
|  48|0x0000000085200000, 0x0000000085200000, 0x0000000085300000|  0%| F|  |TAMS 0x0000000085200000, 0x0000000085200000| Untracked 
|  49|0x0000000085300000, 0x0000000085300000, 0x0000000085400000|  0%| F|  |TAMS 0x0000000085300000, 0x0000000085300000| Untracked 
|  50|0x0000000085400000, 0x0000000085400000, 0x0000000085500000|  0%| F|  |TAMS 0x0000000085400000, 0x0000000085400000| Untracked 
|  51|0x0000000085500000, 0x0000000085500000, 0x0000000085600000|  0%| F|  |TAMS 0x0000000085500000, 0x0000000085500000| Untracked 
|  52|0x0000000085600000, 0x0000000085600000, 0x0000000085700000|  0%| F|  |TAMS 0x0000000085600000, 0x0000000085600000| Untracked 
|  53|0x0000000085700000, 0x0000000085700000, 0x0000000085800000|  0%| F|  |TAMS 0x0000000085700000, 0x0000000085700000| Untracked 
|  54|0x0000000085800000, 0x0000000085800000, 0x0000000085900000|  0%| F|  |TAMS 0x0000000085800000, 0x0000000085800000| Untracked 
|  55|0x0000000085900000, 0x0000000085900000, 0x0000000085a00000|  0%| F|  |TAMS 0x0000000085900000, 0x0000000085900000| Untracked 
|  56|0x0000000085a00000, 0x0000000085a00000, 0x0000000085b00000|  0%| F|  |TAMS 0x0000000085a00000, 0x0000000085a00000| Untracked 
|  57|0x0000000085b00000, 0x0000000085b00000, 0x0000000085c00000|  0%| F|  |TAMS 0x0000000085b00000, 0x0000000085b00000| Untracked 
|  58|0x0000000085c00000, 0x0000000085c00000, 0x0000000085d00000|  0%| F|  |TAMS 0x0000000085c00000, 0x0000000085c00000| Untracked 
|  59|0x0000000085d00000, 0x0000000085d00000, 0x0000000085e00000|  0%| F|  |TAMS 0x0000000085d00000, 0x0000000085d00000| Untracked 
|  60|0x0000000085e00000, 0x0000000085e00000, 0x0000000085f00000|  0%| F|  |TAMS 0x0000000085e00000, 0x0000000085e00000| Untracked 
|  61|0x0000000085f00000, 0x0000000085f00000, 0x0000000086000000|  0%| F|  |TAMS 0x0000000085f00000, 0x0000000085f00000| Untracked 
|  62|0x0000000086000000, 0x0000000086000000, 0x0000000086100000|  0%| F|  |TAMS 0x0000000086000000, 0x0000000086000000| Untracked 
|  63|0x0000000086100000, 0x0000000086100000, 0x0000000086200000|  0%| F|  |TAMS 0x0000000086100000, 0x0000000086100000| Untracked 
|  64|0x0000000086200000, 0x0000000086200000, 0x0000000086300000|  0%| F|  |TAMS 0x0000000086200000, 0x0000000086200000| Untracked 
|  65|0x0000000086300000, 0x0000000086300000, 0x0000000086400000|  0%| F|  |TAMS 0x0000000086300000, 0x0000000086300000| Untracked 
|  66|0x0000000086400000, 0x0000000086400000, 0x0000000086500000|  0%| F|  |TAMS 0x0000000086400000, 0x0000000086400000| Untracked 
|  67|0x0000000086500000, 0x0000000086500000, 0x0000000086600000|  0%| F|  |TAMS 0x0000000086500000, 0x0000000086500000| Untracked 
|  68|0x0000000086600000, 0x0000000086600000, 0x0000000086700000|  0%| F|  |TAMS 0x0000000086600000, 0x0000000086600000| Untracked 
|  69|0x0000000086700000, 0x000000008673b178, 0x0000000086800000| 23%| S|  |TAMS 0x0000000086700000, 0x0000000086700000| Complete 
|  70|0x0000000086800000, 0x0000000086900000, 0x0000000086900000|100%| E|CS|TAMS 0x0000000086800000, 0x0000000086900000| Complete 
|  71|0x0000000086900000, 0x0000000086a00000, 0x0000000086a00000|100%| E|CS|TAMS 0x0000000086900000, 0x0000000086a00000| Complete 
|  72|0x0000000086a00000, 0x0000000086b00000, 0x0000000086b00000|100%| E|CS|TAMS 0x0000000086a00000, 0x0000000086b00000| Complete 
|  73|0x0000000086b00000, 0x0000000086c00000, 0x0000000086c00000|100%| E|CS|TAMS 0x0000000086b00000, 0x0000000086c00000| Complete 
|  74|0x0000000086c00000, 0x0000000086d00000, 0x0000000086d00000|100%| E|CS|TAMS 0x0000000086c00000, 0x0000000086d00000| Complete 
|  75|0x0000000086d00000, 0x0000000086e00000, 0x0000000086e00000|100%| E|CS|TAMS 0x0000000086d00000, 0x0000000086e00000| Complete 
|  76|0x0000000086e00000, 0x0000000086f00000, 0x0000000086f00000|100%| E|CS|TAMS 0x0000000086e00000, 0x0000000086f00000| Complete 
|  77|0x0000000086f00000, 0x0000000087000000, 0x0000000087000000|100%| E|CS|TAMS 0x0000000086f00000, 0x0000000087000000| Complete 
|  78|0x0000000087000000, 0x0000000087100000, 0x0000000087100000|100%| E|CS|TAMS 0x0000000087000000, 0x0000000087100000| Complete 
|  79|0x0000000087100000, 0x0000000087200000, 0x0000000087200000|100%| E|CS|TAMS 0x0000000087100000, 0x0000000087200000| Complete 
|  80|0x0000000087200000, 0x0000000087300000, 0x0000000087300000|100%| E|CS|TAMS 0x0000000087200000, 0x0000000087300000| Complete 
|  81|0x0000000087300000, 0x0000000087400000, 0x0000000087400000|100%| E|CS|TAMS 0x0000000087300000, 0x0000000087400000| Complete 
|  82|0x0000000087400000, 0x0000000087500000, 0x0000000087500000|100%| E|CS|TAMS 0x0000000087400000, 0x0000000087500000| Complete 
|  83|0x0000000087500000, 0x0000000087600000, 0x0000000087600000|100%| E|CS|TAMS 0x0000000087500000, 0x0000000087600000| Complete 
|  84|0x0000000087600000, 0x0000000087700000, 0x0000000087700000|100%| E|CS|TAMS 0x0000000087600000, 0x0000000087700000| Complete 
|  85|0x0000000087700000, 0x0000000087800000, 0x0000000087800000|100%| E|CS|TAMS 0x0000000087700000, 0x0000000087800000| Complete 
|  86|0x0000000087800000, 0x0000000087900000, 0x0000000087900000|100%| E|CS|TAMS 0x0000000087800000, 0x0000000087900000| Complete 
|  87|0x0000000087900000, 0x0000000087a00000, 0x0000000087a00000|100%| E|CS|TAMS 0x0000000087900000, 0x0000000087a00000| Complete 
|  88|0x0000000087a00000, 0x0000000087b00000, 0x0000000087b00000|100%| E|CS|TAMS 0x0000000087a00000, 0x0000000087b00000| Complete 
|  89|0x0000000087b00000, 0x0000000087c00000, 0x0000000087c00000|100%| E|CS|TAMS 0x0000000087b00000, 0x0000000087c00000| Complete 
|  90|0x0000000087c00000, 0x0000000087d00000, 0x0000000087d00000|100%| E|CS|TAMS 0x0000000087c00000, 0x0000000087d00000| Complete 
|  91|0x0000000087d00000, 0x0000000087e00000, 0x0000000087e00000|100%| E|CS|TAMS 0x0000000087d00000, 0x0000000087e00000| Complete 
|  92|0x0000000087e00000, 0x0000000087f00000, 0x0000000087f00000|100%| E|CS|TAMS 0x0000000087e00000, 0x0000000087f00000| Complete 
|  93|0x0000000087f00000, 0x0000000088000000, 0x0000000088000000|100%| E|CS|TAMS 0x0000000087f00000, 0x0000000088000000| Complete 
|  94|0x0000000088000000, 0x0000000088100000, 0x0000000088100000|100%| E|CS|TAMS 0x0000000088000000, 0x0000000088100000| Complete 
|  95|0x0000000088100000, 0x0000000088200000, 0x0000000088200000|100%| E|CS|TAMS 0x0000000088100000, 0x0000000088200000| Complete 
|  96|0x0000000088200000, 0x0000000088300000, 0x0000000088300000|100%| E|CS|TAMS 0x0000000088200000, 0x0000000088300000| Complete 
|  97|0x0000000088300000, 0x0000000088400000, 0x0000000088400000|100%| E|CS|TAMS 0x0000000088300000, 0x0000000088400000| Complete 
|  98|0x0000000088400000, 0x0000000088500000, 0x0000000088500000|100%| E|CS|TAMS 0x0000000088400000, 0x0000000088500000| Complete 
|  99|0x0000000088500000, 0x0000000088600000, 0x0000000088600000|100%| E|CS|TAMS 0x0000000088500000, 0x0000000088600000| Complete 
| 100|0x0000000088600000, 0x0000000088700000, 0x0000000088700000|100%| E|CS|TAMS 0x0000000088600000, 0x0000000088700000| Complete 
| 101|0x0000000088700000, 0x0000000088800000, 0x0000000088800000|100%| E|CS|TAMS 0x0000000088700000, 0x0000000088800000| Complete 
| 102|0x0000000088800000, 0x0000000088900000, 0x0000000088900000|100%| E|CS|TAMS 0x0000000088800000, 0x0000000088900000| Complete 
| 103|0x0000000088900000, 0x0000000088a00000, 0x0000000088a00000|100%| E|CS|TAMS 0x0000000088900000, 0x0000000088a00000| Complete 
| 104|0x0000000088a00000, 0x0000000088b00000, 0x0000000088b00000|100%| E|CS|TAMS 0x0000000088a00000, 0x0000000088b00000| Complete 
| 105|0x0000000088b00000, 0x0000000088c00000, 0x0000000088c00000|100%| E|CS|TAMS 0x0000000088b00000, 0x0000000088c00000| Complete 
| 106|0x0000000088c00000, 0x0000000088d00000, 0x0000000088d00000|100%| E|CS|TAMS 0x0000000088c00000, 0x0000000088d00000| Complete 
| 107|0x0000000088d00000, 0x0000000088e00000, 0x0000000088e00000|100%| E|CS|TAMS 0x0000000088d00000, 0x0000000088e00000| Complete 
| 108|0x0000000088e00000, 0x0000000088f00000, 0x0000000088f00000|100%| E|CS|TAMS 0x0000000088e00000, 0x0000000088f00000| Complete 
| 109|0x0000000088f00000, 0x0000000089000000, 0x0000000089000000|100%| E|CS|TAMS 0x0000000088f00000, 0x0000000089000000| Complete 
| 110|0x0000000089000000, 0x0000000089100000, 0x0000000089100000|100%| E|CS|TAMS 0x0000000089000000, 0x0000000089100000| Complete 
| 111|0x0000000089100000, 0x0000000089200000, 0x0000000089200000|100%| E|CS|TAMS 0x0000000089100000, 0x0000000089200000| Complete 
| 112|0x0000000089200000, 0x0000000089300000, 0x0000000089300000|100%| E|CS|TAMS 0x0000000089200000, 0x0000000089300000| Complete 
| 113|0x0000000089300000, 0x0000000089400000, 0x0000000089400000|100%| E|CS|TAMS 0x0000000089300000, 0x0000000089400000| Complete 
| 114|0x0000000089400000, 0x0000000089500000, 0x0000000089500000|100%| E|CS|TAMS 0x0000000089400000, 0x0000000089500000| Complete 
| 115|0x0000000089500000, 0x0000000089600000, 0x0000000089600000|100%| E|CS|TAMS 0x0000000089500000, 0x0000000089600000| Complete 
| 116|0x0000000089600000, 0x0000000089700000, 0x0000000089700000|100%| E|CS|TAMS 0x0000000089600000, 0x0000000089700000| Complete 
| 117|0x0000000089700000, 0x0000000089800000, 0x0000000089800000|100%| E|CS|TAMS 0x0000000089700000, 0x0000000089800000| Complete 
| 118|0x0000000089800000, 0x0000000089900000, 0x0000000089900000|100%| E|CS|TAMS 0x0000000089800000, 0x0000000089900000| Complete 
| 119|0x0000000089900000, 0x0000000089a00000, 0x0000000089a00000|100%| E|CS|TAMS 0x0000000089900000, 0x0000000089a00000| Complete 
| 120|0x0000000089a00000, 0x0000000089b00000, 0x0000000089b00000|100%| E|CS|TAMS 0x0000000089a00000, 0x0000000089b00000| Complete 
| 121|0x0000000089b00000, 0x0000000089c00000, 0x0000000089c00000|100%| E|CS|TAMS 0x0000000089b00000, 0x0000000089c00000| Complete 
| 122|0x0000000089c00000, 0x0000000089d00000, 0x0000000089d00000|100%| E|CS|TAMS 0x0000000089c00000, 0x0000000089d00000| Complete 
| 123|0x0000000089d00000, 0x0000000089e00000, 0x0000000089e00000|100%| E|CS|TAMS 0x0000000089d00000, 0x0000000089e00000| Complete 
| 124|0x0000000089e00000, 0x0000000089f00000, 0x0000000089f00000|100%| E|CS|TAMS 0x0000000089e00000, 0x0000000089f00000| Complete 
| 125|0x0000000089f00000, 0x000000008a000000, 0x000000008a000000|100%| E|CS|TAMS 0x0000000089f00000, 0x000000008a000000| Complete 

Card table byte_map: [0x000002244e1e0000,0x000002244e5d0000] _byte_map_base: 0x000002244ddcf000

Marking Bits (Prev, Next): (CMBitMap*) 0x0000022436936e28, (CMBitMap*) 0x0000022436936e68
 Prev Bits: [0x000002244e9c0000, 0x0000022450938000)
 Next Bits: [0x0000022450940000, 0x00000224528b8000)

Polling page: 0x00000224360c0000

Metaspace:

Usage:
  Non-class:     11.70 MB capacity,    10.06 MB ( 86%) used,     1.63 MB ( 14%) free+waste,    14.75 KB ( <1%) overhead. 
      Class:      1.62 MB capacity,     1.37 MB ( 85%) used,   242.03 KB ( 15%) free+waste,     6.88 KB ( <1%) overhead. 
       Both:     13.31 MB capacity,    11.43 MB ( 86%) used,     1.86 MB ( 14%) free+waste,    21.63 KB ( <1%) overhead. 

Virtual space:
  Non-class space:       18.00 MB reserved,      11.75 MB ( 65%) committed 
      Class space:        1.00 GB reserved,       1.63 MB ( <1%) committed 
             Both:        1.02 GB reserved,      13.38 MB (  1%) committed 

Chunk freelists:
   Non-Class:  54.00 KB
       Class:  9.00 KB
        Both:  63.00 KB

MaxMetaspaceSize: 17179869184.00 GB
CompressedClassSpaceSize: 1.00 GB

CodeHeap 'non-profiled nmethods': size=120000Kb used=776Kb max_used=776Kb free=119223Kb
 bounds [0x00000224468c0000, 0x0000022446b30000, 0x000002244ddf0000]
CodeHeap 'profiled nmethods': size=120000Kb used=4189Kb max_used=4189Kb free=115810Kb
 bounds [0x000002243f390000, 0x000002243f7b0000, 0x00000224468c0000]
CodeHeap 'non-nmethods': size=5760Kb used=1182Kb max_used=1206Kb free=4577Kb
 bounds [0x000002243edf0000, 0x000002243f060000, 0x000002243f390000]
 total_blobs=3162 nmethods=1988 adapters=336
 compilation: enabled
              stopped_count=0, restarted_count=0
 full_count=0

Compilation events (20 events):
Event: 2.023 Thread 0x0000022454ed5800 nmethod 1926 0x000002243f788090 code [0x000002243f788260, 0x000002243f788580]
Event: 2.023 Thread 0x0000022454ed5800 1927   !   3       org.eclipse.sisu.inject.BeanCache::create (172 bytes)
Event: 2.025 Thread 0x0000022454ed5800 nmethod 1927 0x000002243f788690 code [0x000002243f7889e0, 0x000002243f78a3e0]
Event: 2.025 Thread 0x0000022454ed5800 1928       3       org.eclipse.sisu.space.WildcardKey$QualifiedImpl::get (5 bytes)
Event: 2.026 Thread 0x0000022454ed5800 nmethod 1928 0x000002243f78ac90 code [0x000002243f78ae40, 0x000002243f78afd8]
Event: 2.026 Thread 0x0000022454ed5800 1929   !   3       com.google.inject.internal.SingleParameterInjector::inject (56 bytes)
Event: 2.026 Thread 0x0000022454ed5800 nmethod 1929 0x000002243f78b090 code [0x000002243f78b2a0, 0x000002243f78b9b0]
Event: 2.026 Thread 0x0000022454ed5800 1930       3       java.lang.Long::equals (30 bytes)
Event: 2.027 Thread 0x0000022454ed5800 nmethod 1930 0x000002243f78bd10 code [0x000002243f78bec0, 0x000002243f78c318]
Event: 2.027 Thread 0x0000022454ed5800 1931   !   3       org.eclipse.sisu.inject.DefaultBeanLocator::locate (122 bytes)
Event: 2.029 Thread 0x0000022454ed5800 nmethod 1931 0x000002243f78c410 code [0x000002243f78c6e0, 0x000002243f78d6e0]
Event: 2.029 Thread 0x0000022454ed5800 1932       3       org.eclipse.sisu.inject.QualifyingStrategy::selectFor (53 bytes)
Event: 2.029 Thread 0x0000022454ed5800 nmethod 1932 0x000002243f78dd10 code [0x000002243f78df20, 0x000002243f78e5b0]
Event: 2.029 Thread 0x0000022454ed5800 1933   !   3       org.eclipse.sisu.inject.RankedBindings::newBeanCache (36 bytes)
Event: 2.030 Thread 0x0000022454ed5800 nmethod 1933 0x000002243f78e790 code [0x000002243f78e960, 0x000002243f78ef30]
Event: 2.030 Thread 0x0000022454ed5800 1934       3       org.eclipse.sisu.inject.MildElements::add (66 bytes)
Event: 2.030 Thread 0x0000022454ed5800 nmethod 1934 0x000002243f78f110 code [0x000002243f78f380, 0x000002243f790100]
Event: 2.031 Thread 0x0000022454ed5800 1935       3       com.google.inject.internal.InjectorImpl::getBinding (6 bytes)
Event: 2.031 Thread 0x0000022454ed5800 nmethod 1935 0x000002243f790510 code [0x000002243f7906c0, 0x000002243f790870]
Event: 2.031 Thread 0x0000022454ed5800 1936       3       com.google.inject.internal.SingleParameterInjector::getAll (45 bytes)

GC Heap History (2 events):
Event: 0.688 GC heap before
{Heap before GC invocations=0 (full 0):
 garbage-first heap   total 129024K, used 13312K [0x0000000082200000, 0x0000000100000000)
  region size 1024K, 14 young (14336K), 0 survivors (0K)
 Metaspace       used 3789K, capacity 6876K, committed 7168K, reserved 1056768K
  class space    used 405K, capacity 721K, committed 768K, reserved 1048576K
}
Event: 0.697 GC heap after
{Heap after GC invocations=1 (full 0):
 garbage-first heap   total 129024K, used 3053K [0x0000000082200000, 0x0000000100000000)
  region size 1024K, 2 young (2048K), 2 survivors (2048K)
 Metaspace       used 3789K, capacity 6876K, committed 7168K, reserved 1056768K
  class space    used 405K, capacity 721K, committed 768K, reserved 1048576K
}

Deoptimization events (20 events):
Event: 1.760 Thread 0x00000224368f2800 Uncommon trap: trap_request=0xffffffc6 fr.pc=0x00000224469003fc relative=0x000000000000057c
Event: 1.760 Thread 0x00000224368f2800 Uncommon trap: reason=bimorphic_or_optimized_type_check action=maybe_recompile pc=0x00000224469003fc method=java.util.concurrent.ConcurrentHashMap.get(Ljava/lang/Object;)Ljava/lang/Object; @ 149 c2
Event: 1.761 Thread 0x00000224368f2800 DEOPT PACKING pc=0x00000224469003fc sp=0x0000007e8f3fcf00
Event: 1.761 Thread 0x00000224368f2800 DEOPT UNPACKING pc=0x000002243ee3912f sp=0x0000007e8f3fce90 mode 2
Event: 1.762 Thread 0x00000224368f2800 Uncommon trap: trap_request=0xffffffc6 fr.pc=0x0000022446925c50 relative=0x00000000000008b0
Event: 1.762 Thread 0x00000224368f2800 Uncommon trap: reason=bimorphic_or_optimized_type_check action=maybe_recompile pc=0x0000022446925c50 method=java.util.HashMap.putVal(ILjava/lang/Object;Ljava/lang/Object;ZZ)Ljava/lang/Object; @ 203 c2
Event: 1.762 Thread 0x00000224368f2800 DEOPT PACKING pc=0x0000022446925c50 sp=0x0000007e8f3fcd00
Event: 1.762 Thread 0x00000224368f2800 DEOPT UNPACKING pc=0x000002243ee3912f sp=0x0000007e8f3fcc20 mode 2
Event: 1.762 Thread 0x00000224368f2800 Uncommon trap: trap_request=0xffffffc6 fr.pc=0x0000022446925c50 relative=0x00000000000008b0
Event: 1.762 Thread 0x00000224368f2800 Uncommon trap: reason=bimorphic_or_optimized_type_check action=maybe_recompile pc=0x0000022446925c50 method=java.util.HashMap.putVal(ILjava/lang/Object;Ljava/lang/Object;ZZ)Ljava/lang/Object; @ 203 c2
Event: 1.762 Thread 0x00000224368f2800 DEOPT PACKING pc=0x0000022446925c50 sp=0x0000007e8f3fcd70
Event: 1.762 Thread 0x00000224368f2800 DEOPT UNPACKING pc=0x000002243ee3912f sp=0x0000007e8f3fcc90 mode 2
Event: 1.958 Thread 0x00000224368f2800 Uncommon trap: trap_request=0xffffff45 fr.pc=0x00000224468e4d70 relative=0x00000000000001d0
Event: 1.958 Thread 0x00000224368f2800 Uncommon trap: reason=unstable_if action=reinterpret pc=0x00000224468e4d70 method=java.lang.String.startsWith(Ljava/lang/String;I)Z @ 1 c2
Event: 1.958 Thread 0x00000224368f2800 DEOPT PACKING pc=0x00000224468e4d70 sp=0x0000007e8f3f69d0
Event: 1.958 Thread 0x00000224368f2800 DEOPT UNPACKING pc=0x000002243ee3912f sp=0x0000007e8f3f6938 mode 2
Event: 1.996 Thread 0x00000224368f2800 Uncommon trap: trap_request=0xffffffc6 fr.pc=0x0000022446925c50 relative=0x00000000000008b0
Event: 1.996 Thread 0x00000224368f2800 Uncommon trap: reason=bimorphic_or_optimized_type_check action=maybe_recompile pc=0x0000022446925c50 method=java.util.HashMap.putVal(ILjava/lang/Object;Ljava/lang/Object;ZZ)Ljava/lang/Object; @ 203 c2
Event: 1.996 Thread 0x00000224368f2800 DEOPT PACKING pc=0x0000022446925c50 sp=0x0000007e8f3f8b40
Event: 1.996 Thread 0x00000224368f2800 DEOPT UNPACKING pc=0x000002243ee3912f sp=0x0000007e8f3f8a60 mode 2

Classes unloaded (0 events):
No events

Classes redefined (0 events):
No events

Internal exceptions (4 events):
Event: 0.196 Thread 0x00000224368f2800 Exception <a 'java/lang/NoSuchMethodError'{0x0000000089c080c8}: 'int java.lang.invoke.DirectMethodHandle$Holder.invokeSpecialIFC(java.lang.Object, java.lang.Object, int)'> (0x0000000089c080c8) 
thrown [t:/workspace/open/src/hotspot/share/interpreter/linkResolver.cpp, line 767]
Event: 1.869 Thread 0x00000224368f2800 Exception <a 'java/lang/NoClassDefFoundError'{0x0000000086f44b10}: com/google/inject/servlet/ServletModuleTargetVisitor> (0x0000000086f44b10) 
thrown [t:/workspace/open/src/hotspot/share/classfile/systemDictionary.cpp, line 221]
Event: 1.870 Thread 0x00000224368f2800 Exception <a 'java/lang/NoClassDefFoundError'{0x0000000086f47d88}: javax/annotation/Priority> (0x0000000086f47d88) 
thrown [t:/workspace/open/src/hotspot/share/classfile/systemDictionary.cpp, line 221]
Event: 1.967 Thread 0x00000224368f2800 Exception <a 'java/lang/NoSuchMethodError'{0x0000000086db0790}: 'java.lang.Object java.lang.invoke.DirectMethodHandle$Holder.invokeStaticInit(java.lang.Object, int, int, int, int)'> (0x0000000086db0790) 
thrown [t:/workspace/open/src/hotspot/share/interpreter/linkResolver.cpp, line 767]

Events (20 events):
Event: 2.018 loading class org/apache/maven/execution/scope/internal/MojoExecutionScope
Event: 2.018 loading class org/apache/maven/execution/scope/internal/MojoExecutionScope done
Event: 2.018 loading class org/apache/maven/plugin/LegacySupport
Event: 2.018 loading class org/apache/maven/plugin/LegacySupport done
Event: 2.018 loading class org/apache/maven/plugin/MavenPluginManager
Event: 2.018 loading class org/apache/maven/plugin/MavenPluginManager done
Event: 2.019 loading class org/apache/maven/plugin/CompoundMojoExecutionListener
Event: 2.019 loading class org/apache/maven/plugin/CompoundMojoExecutionListener done
Event: 2.019 loading class org/apache/maven/plugin/prefix/internal/DefaultPluginPrefixResolver
Event: 2.019 loading class org/apache/maven/plugin/prefix/internal/DefaultPluginPrefixResolver done
Event: 2.020 loading class org/apache/maven/plugin/prefix/internal/DefaultPluginPrefixResolver
Event: 2.020 loading class org/apache/maven/plugin/prefix/internal/DefaultPluginPrefixResolver done
Event: 2.020 loading class org/apache/maven/plugin/prefix/internal/DefaultPluginPrefixResolver
Event: 2.020 loading class org/apache/maven/plugin/prefix/internal/DefaultPluginPrefixResolver done
Event: 2.020 loading class org/apache/maven/artifact/repository/metadata/io/MetadataReader
Event: 2.020 loading class org/apache/maven/artifact/repository/metadata/io/MetadataReader done
Event: 2.021 loading class org/eclipse/aether/RepositorySystem
Event: 2.021 loading class org/eclipse/aether/RepositorySystem done
Event: 2.021 loading class org/apache/maven/plugin/BuildPluginManager
Event: 2.021 loading class org/apache/maven/plugin/BuildPluginManager done


Dynamic libraries:
0x00007ff68f890000 - 0x00007ff68f89f000 	D:\Program Files\jdk13\bin\java.exe
0x00007ffbf4c20000 - 0x00007ffbf4e10000 	C:\WINDOWS\SYSTEM32\ntdll.dll
0x00007ffbf4150000 - 0x00007ffbf4202000 	C:\WINDOWS\System32\KERNEL32.DLL
0x00007ffbf2640000 - 0x00007ffbf28e3000 	C:\WINDOWS\System32\KERNELBASE.dll
0x00007ffbf2540000 - 0x00007ffbf263a000 	C:\WINDOWS\System32\ucrtbase.dll
0x00007ffbc10d0000 - 0x00007ffbc10e5000 	D:\Program Files\jdk13\bin\VCRUNTIME140.dll
0x00007ffbe4910000 - 0x00007ffbe4928000 	D:\Program Files\jdk13\bin\jli.dll
0x00007ffbf4970000 - 0x00007ffbf4a13000 	C:\WINDOWS\System32\ADVAPI32.dll
0x00007ffbf2d80000 - 0x00007ffbf2e1e000 	C:\WINDOWS\System32\msvcrt.dll
0x00007ffbf3bd0000 - 0x00007ffbf3c67000 	C:\WINDOWS\System32\sechost.dll
0x00007ffbf2e20000 - 0x00007ffbf2f40000 	C:\WINDOWS\System32\RPCRT4.dll
0x00007ffbf2ff0000 - 0x00007ffbf3184000 	C:\WINDOWS\System32\USER32.dll
0x00007ffbf1bb0000 - 0x00007ffbf1bd1000 	C:\WINDOWS\System32\win32u.dll
0x00007ffbf3dd0000 - 0x00007ffbf3df6000 	C:\WINDOWS\System32\GDI32.dll
0x00007ffbf28f0000 - 0x00007ffbf2a84000 	C:\WINDOWS\System32\gdi32full.dll
0x00007ffbe5790000 - 0x00007ffbe5a15000 	C:\WINDOWS\WinSxS\amd64_microsoft.windows.common-controls_6595b64144ccf1df_6.0.18362.418_none_e6c6b287130d565d\COMCTL32.dll
0x00007ffbf2be0000 - 0x00007ffbf2c7e000 	C:\WINDOWS\System32\msvcp_win.dll
0x00007ffbf3e10000 - 0x00007ffbf4146000 	C:\WINDOWS\System32\combase.dll
0x00007ffbf2380000 - 0x00007ffbf2400000 	C:\WINDOWS\System32\bcryptPrimitives.dll
0x00007ffbebc10000 - 0x00007ffbebc1a000 	C:\WINDOWS\SYSTEM32\VERSION.dll
0x00007ffbf3b30000 - 0x00007ffbf3b5e000 	C:\WINDOWS\System32\IMM32.DLL
0x00007ffbafde0000 - 0x00007ffbafe7b000 	D:\Program Files\jdk13\bin\msvcp140.dll
0x00007ffb866c0000 - 0x00007ffb8721d000 	D:\Program Files\jdk13\bin\server\jvm.dll
0x00007ffbf3270000 - 0x00007ffbf3278000 	C:\WINDOWS\System32\PSAPI.DLL
0x00007ffbead20000 - 0x00007ffbead29000 	C:\WINDOWS\SYSTEM32\WSOCK32.dll
0x00007ffbee790000 - 0x00007ffbee7b4000 	C:\WINDOWS\SYSTEM32\WINMM.dll
0x00007ffbf3b60000 - 0x00007ffbf3bcf000 	C:\WINDOWS\System32\WS2_32.dll
0x00007ffbee760000 - 0x00007ffbee78d000 	C:\WINDOWS\SYSTEM32\winmmbase.dll
0x00007ffbf2c80000 - 0x00007ffbf2cca000 	C:\WINDOWS\System32\cfgmgr32.dll
0x00007ffbf1b70000 - 0x00007ffbf1b81000 	C:\WINDOWS\System32\kernel.appcore.dll
0x00007ffbce1e0000 - 0x00007ffbce1f0000 	D:\Program Files\jdk13\bin\verify.dll
0x00007ffbdea40000 - 0x00007ffbdec34000 	C:\WINDOWS\SYSTEM32\DBGHELP.DLL
0x00007ffbd5f60000 - 0x00007ffbd5f8a000 	C:\WINDOWS\SYSTEM32\dbgcore.DLL
0x00007ffbc0080000 - 0x00007ffbc00a6000 	D:\Program Files\jdk13\bin\java.dll
0x00007ffbc0d00000 - 0x00007ffbc0d17000 	D:\Program Files\jdk13\bin\zip.dll
0x00007ffbcd7c0000 - 0x00007ffbcd7ca000 	D:\Program Files\jdk13\bin\jimage.dll
0x00007ffbf3440000 - 0x00007ffbf3b25000 	C:\WINDOWS\System32\SHELL32.dll
0x00007ffbf2cd0000 - 0x00007ffbf2d79000 	C:\WINDOWS\System32\shcore.dll
0x00007ffbf1be0000 - 0x00007ffbf235f000 	C:\WINDOWS\System32\windows.storage.dll
0x00007ffbf1b50000 - 0x00007ffbf1b6f000 	C:\WINDOWS\System32\profapi.dll
0x00007ffbf1b00000 - 0x00007ffbf1b4a000 	C:\WINDOWS\System32\powrprof.dll
0x00007ffbf1af0000 - 0x00007ffbf1b00000 	C:\WINDOWS\System32\UMPDC.dll
0x00007ffbf4270000 - 0x00007ffbf42c2000 	C:\WINDOWS\System32\shlwapi.dll
0x00007ffbf2360000 - 0x00007ffbf2377000 	C:\WINDOWS\System32\cryptsp.dll
0x00007ffbc0370000 - 0x00007ffbc0389000 	D:\Program Files\jdk13\bin\net.dll
0x00007ffbe4f40000 - 0x00007ffbe5030000 	C:\WINDOWS\SYSTEM32\WINHTTP.dll
0x00007ffbf1360000 - 0x00007ffbf13c7000 	C:\WINDOWS\system32\mswsock.dll
0x00007ffbc0060000 - 0x00007ffbc0073000 	D:\Program Files\jdk13\bin\nio.dll
0x00007ffbec580000 - 0x00007ffbec58a000 	D:\Program Files\NetBeans-12.0\netbeans\java\maven\lib\jansi-native\windows64\jansi.dll

dbghelp: loaded successfully - version: 4.0.5 - missing functions: none
symbol engine: initialized successfully - sym options: 0x614 - pdb path: .;D:\Program Files\jdk13\bin;C:\WINDOWS\SYSTEM32;C:\WINDOWS\WinSxS\amd64_microsoft.windows.common-controls_6595b64144ccf1df_6.0.18362.418_none_e6c6b287130d565d;D:\Program Files\jdk13\bin\server;D:\Program Files\NetBeans-12.0\netbeans\java\maven\lib\jansi-native\windows64

VM Arguments:
jvm_args: -Dclassworlds.conf=D:\Program Files\NetBeans-12.0\netbeans\java\maven\bin\..\bin\m2.conf -Dmaven.home=D:\Program Files\NetBeans-12.0\netbeans\java\maven\bin\.. -Dlibrary.jansi.path=D:\Program Files\NetBeans-12.0\netbeans\java\maven\bin\..\lib\jansi-native -Dmaven.multiModuleProjectDirectory=C:\Users\TAI\Desktop\LearnServlet\Product 
java_command: org.codehaus.plexus.classworlds.launcher.Launcher -Dnetbeans.deploy=true -Dnetbeans.deploy.clientUrlPart=/AddNewProduct.jsp -Dmaven.ext.class.path=D:\Program Files\NetBeans-12.0\netbeans\java\maven-nblib\netbeans-eventspy.jar -Dfile.encoding=UTF-8 package
java_class_path (initial): D:\Program Files\NetBeans-12.0\netbeans\java\maven\bin\..\boot\plexus-classworlds-2.6.0.jar
Launcher Type: SUN_STANDARD

[Global flags]
     intx CICompilerCount                          = 3                                         {product} {ergonomic}
     uint ConcGCThreads                            = 1                                         {product} {ergonomic}
     uint G1ConcRefinementThreads                  = 4                                         {product} {ergonomic}
   size_t G1HeapRegionSize                         = 1048576                                   {product} {ergonomic}
    uintx GCDrainStackTargetSize                   = 64                                        {product} {ergonomic}
   size_t InitialHeapSize                          = 132120576                                 {product} {ergonomic}
   size_t MarkStackSize                            = 4194304                                   {product} {ergonomic}
   size_t MaxHeapSize                              = 2111832064                                {product} {ergonomic}
   size_t MaxNewSize                               = 1266679808                                {product} {ergonomic}
   size_t MinHeapDeltaBytes                        = 1048576                                   {product} {ergonomic}
   size_t MinHeapSize                              = 8388608                                   {product} {ergonomic}
    uintx NonNMethodCodeHeapSize                   = 5832780                                {pd product} {ergonomic}
    uintx NonProfiledCodeHeapSize                  = 122912730                              {pd product} {ergonomic}
    uintx ProfiledCodeHeapSize                     = 122912730                              {pd product} {ergonomic}
    uintx ReservedCodeCacheSize                    = 251658240                              {pd product} {ergonomic}
     bool SegmentedCodeCache                       = true                                      {product} {ergonomic}
   size_t SoftMaxHeapSize                          = 2111832064                             {manageable} {ergonomic}
     bool UseCompressedClassPointers               = true                                 {lp64_product} {ergonomic}
     bool UseCompressedOops                        = true                                 {lp64_product} {ergonomic}
     bool UseG1GC                                  = true                                      {product} {ergonomic}
     bool UseLargePagesIndividualAllocation        = false                                  {pd product} {ergonomic}

Logging:
Log output configuration:
 #0: stdout all=warning uptime,level,tags
 #1: stderr all=off uptime,level,tags

Environment Variables:
JAVA_HOME=D:\Program Files\jdk13
PATH=C:\Program Files\Microsoft MPI\Bin\;C:\Program Files (x86)\Common Files\Oracle\Java\javapath;C:\WINDOWS\system32;C:\WINDOWS;C:\WINDOWS\System32\Wbem;C:\WINDOWS\System32\WindowsPowerShell\v1.0\;C:\WINDOWS\System32\OpenSSH\;C:\Program Files\Git\cmd;C:\Program Files (x86)\Microsoft SQL Server\130\Tools\Binn\;C:\Program Files\Microsoft SQL Server\130\Tools\Binn\;C:\Program Files (x86)\Microsoft SQL Server\130\DTS\Binn\;C:\Program Files\Microsoft SQL Server\130\DTS\Binn\;C:\Program Files\Microsoft SQL Server\Client SDK\ODBC\130\Tools\Binn\;C:\Program Files (x86)\Microsoft SQL Server\Client SDK\ODBC\130\Tools\Binn\;C:\Program Files (x86)\Microsoft SQL Server\130\Tools\Binn\ManagementStudio\;C:\Users\TAI\AppData\Local\Microsoft\WindowsApps;;C:\Users\TAI\AppData\Local\Programs\Microsoft VS Code\bin
USERNAME=TAI
OS=Windows_NT
PROCESSOR_IDENTIFIER=Intel64 Family 6 Model 78 Stepping 3, GenuineIntel



---------------  S Y S T E M  ---------------

OS: Windows 10 , 64 bit Build 18362 (10.0.18362.329)

CPU:total 4 (initial active 4) (2 cores per cpu, 2 threads per core) family 6 model 78 stepping 3, cmov, cx8, fxsr, mmx, sse, sse2, sse3, ssse3, sse4.1, sse4.2, popcnt, avx, avx2, aes, clmul, erms, 3dnowpref, lzcnt, ht, tsc, tscinvbit, bmi1, bmi2, adx, fma

Memory: 4k page, system-wide physical 8051M (1440M free)
TotalPageFile size 12123M (AvailPageFile size 5M)
current process WorkingSet (physical memory assigned to process): 129M, peak: 129M
current process commit charge ("private bytes"): 235M, peak: 235M

vm_info: Java HotSpot(TM) 64-Bit Server VM (13.0.2+8) for windows-amd64 JRE (13.0.2+8), built on Dec 11 2019 09:20:33 by "mach5one" with unknown MS VC++:1916

END.
