#
# There is insufficient memory for the Java Runtime Environment to continue.
# Native memory allocation (malloc) failed to allocate 163152 bytes for Chunk::new
# Possible reasons:
#   The system is out of physical RAM or swap space
#   The process is running with CompressedOops enabled, and the Java Heap may be blocking the growth of the native heap
# Possible solutions:
#   Reduce memory load on the system
#   Increase physical memory or swap space
#   Check if swap backing store is full
#   Decrease Java heap size (-Xmx/-Xms)
#   Decrease number of Java threads
#   Decrease Java thread stack sizes (-Xss)
#   Set larger code cache with -XX:ReservedCodeCacheSize=
#   JVM is running with Unscaled Compressed Oops mode in which the Java heap is
#     placed in the first 4GB address space. The Java Heap base address is the
#     maximum limit for the native heap growth. Please use -XX:HeapBaseMinAddress
#     to set the Java Heap base and to place the Java Heap above 4GB virtual address.
# This output file may be truncated or incomplete.
#
#  Out of Memory Error (t:/workspace/open/src/hotspot/share/memory/arena.cpp:196), pid=14144, tid=6012
#
# JRE version: Java(TM) SE Runtime Environment (13.0.2+8) (build 13.0.2+8)
# Java VM: Java HotSpot(TM) 64-Bit Server VM (13.0.2+8, mixed mode, sharing, tiered, compressed oops, g1 gc, windows-amd64)
# No core dump will be written. Minidumps are not enabled by default on client versions of Windows
#

---------------  S U M M A R Y ------------

Command Line: -Dclassworlds.conf=D:\Program Files\NetBeans-12.0\netbeans\java\maven\bin\..\bin\m2.conf -Dmaven.home=D:\Program Files\NetBeans-12.0\netbeans\java\maven\bin\.. -Dlibrary.jansi.path=D:\Program Files\NetBeans-12.0\netbeans\java\maven\bin\..\lib\jansi-native -Dmaven.multiModuleProjectDirectory=C:\Users\TAI\Desktop\LearnServlet\Product org.codehaus.plexus.classworlds.launcher.Launcher -Dnetbeans.deploy=true -Dnetbeans.deploy.clientUrlPart=/AddNewProduct.jsp -Dmaven.ext.class.path=D:\Program Files\NetBeans-12.0\netbeans\java\maven-nblib\netbeans-eventspy.jar -Dfile.encoding=UTF-8 package

Host: Intel(R) Core(TM) i5-6200U CPU @ 2.30GHz, 4 cores, 7G,  Windows 10 , 64 bit Build 18362 (10.0.18362.329)
Time: Sat Jul 25 20:08:22 2020 SE Asia Standard Time elapsed time: 0 seconds (0d 0h 0m 0s)

---------------  T H R E A D  ---------------

Current thread (0x000001147e552800):  JavaThread "C2 CompilerThread0" daemon [_thread_in_native, id=6012, stack(0x00000004ada00000,0x00000004adb00000)]


Current CompileTask:
C2:    399  424       4       java.util.zip.ZipFile$Source::getEntryPos (208 bytes)

Stack: [0x00000004ada00000,0x00000004adb00000]
Native frames: (J=compiled Java code, j=interpreted, Vv=VM code, C=native code)
V  [jvm.dll+0x624f9a]
V  [jvm.dll+0x770cfa]
V  [jvm.dll+0x7724af]
V  [jvm.dll+0x772ab3]
V  [jvm.dll+0x24bf08]
V  [jvm.dll+0xc1e47]
V  [jvm.dll+0xc23cc]
V  [jvm.dll+0x35c0c5]
V  [jvm.dll+0x327803]
V  [jvm.dll+0x326bda]
V  [jvm.dll+0x205c27]
V  [jvm.dll+0x204e3f]
V  [jvm.dll+0x189c2c]
V  [jvm.dll+0x213e6d]
V  [jvm.dll+0x2120bb]
V  [jvm.dll+0x736bb6]
V  [jvm.dll+0x72fcaa]
V  [jvm.dll+0x623ea6]
C  [ucrtbase.dll+0x20e72]
C  [KERNEL32.DLL+0x17bd4]
C  [ntdll.dll+0x6ced1]


---------------  P R O C E S S  ---------------

Threads class SMR info:
_java_thread_list=0x000001147efb7ab0, length=10, elements={
0x000001145ff82800, 0x000001147e52f800, 0x000001147e533800, 0x000001147e54e800,
0x000001147e550800, 0x000001147e552800, 0x000001147e55e800, 0x000001147e562000,
0x000001147efaf000, 0x000001147efb8000
}

Java Threads: ( => current thread )
  0x000001145ff82800 JavaThread "main" [_thread_in_Java, id=7312, stack(0x00000004acf00000,0x00000004ad000000)]
  0x000001147e52f800 JavaThread "Reference Handler" daemon [_thread_blocked, id=10848, stack(0x00000004ad600000,0x00000004ad700000)]
  0x000001147e533800 JavaThread "Finalizer" daemon [_thread_blocked, id=6220, stack(0x00000004ad700000,0x00000004ad800000)]
  0x000001147e54e800 JavaThread "Signal Dispatcher" daemon [_thread_blocked, id=13468, stack(0x00000004ad800000,0x00000004ad900000)]
  0x000001147e550800 JavaThread "Attach Listener" daemon [_thread_blocked, id=15368, stack(0x00000004ad900000,0x00000004ada00000)]
=>0x000001147e552800 JavaThread "C2 CompilerThread0" daemon [_thread_in_native, id=6012, stack(0x00000004ada00000,0x00000004adb00000)]
  0x000001147e55e800 JavaThread "C1 CompilerThread0" daemon [_thread_blocked, id=9080, stack(0x00000004adb00000,0x00000004adc00000)]
  0x000001147e562000 JavaThread "Sweeper thread" daemon [_thread_blocked, id=2736, stack(0x00000004adc00000,0x00000004add00000)]
  0x000001147efaf000 JavaThread "Service Thread" daemon [_thread_blocked, id=11284, stack(0x00000004add00000,0x00000004ade00000)]
  0x000001147efb8000 JavaThread "Common-Cleaner" daemon [_thread_blocked, id=7616, stack(0x00000004adf00000,0x00000004ae000000)]

Other Threads:
  0x000001147e52d800 VMThread "VM Thread" [stack: 0x00000004ad500000,0x00000004ad600000] [id=13280]
  0x000001147efb6000 WatcherThread [stack: 0x00000004ade00000,0x00000004adf00000] [id=3780]
  0x000001145ffc4000 GCTaskThread "GC Thread#0" [stack: 0x00000004ad000000,0x00000004ad100000] [id=8652]
  0x000001145ffd5800 ConcurrentGCThread "G1 Main Marker" [stack: 0x00000004ad100000,0x00000004ad200000] [id=2708]
  0x000001145ffd7800 ConcurrentGCThread "G1 Conc#0" [stack: 0x00000004ad200000,0x00000004ad300000] [id=14604]
  0x000001147e3b2000 ConcurrentGCThread "G1 Refine#0" [stack: 0x00000004ad300000,0x00000004ad400000] [id=14688]
  0x0000011460046800 ConcurrentGCThread "G1 Young RemSet Sampling" [stack: 0x00000004ad400000,0x00000004ad500000] [id=13976]

Threads with active compile tasks:
C2 CompilerThread0      448  424       4       java.util.zip.ZipFile$Source::getEntryPos (208 bytes)
C1 CompilerThread0      448  454       3       java.util.zip.ZipUtils::CENSIZ (9 bytes)

VM state:not at safepoint (normal execution)

VM Mutex/Monitor currently owned by a thread:  ([mutex/lock_event])
[0x000001145ff7ff30] CodeCache_lock - owner thread: 0x0000000000000000
[0x000001145ff80a70] CompileThread_lock - owner thread: 0x0000000000000000

Heap address: 0x0000000082200000, size: 2014 MB, Compressed Oops mode: 32-bit
Narrow klass base: 0x0000000800000000, Narrow klass shift: 3
Compressed class space size: 1073741824 Address: 0x0000000800b40000

Heap:
 garbage-first heap   total 129024K, used 6144K [0x0000000082200000, 0x0000000100000000)
  region size 1024K, 7 young (7168K), 0 survivors (0K)
 Metaspace       used 2118K, capacity 5632K, committed 5760K, reserved 1056768K
  class space    used 182K, capacity 538K, committed 640K, reserved 1048576K
Heap Regions: E=young(eden), S=young(survivor), O=old, HS=humongous(starts), HC=humongous(continues), CS=collection set, F=free, A=archive, TAMS=top-at-mark-start (previous, next)
|   0|0x0000000082200000, 0x0000000082200000, 0x0000000082300000|  0%| F|  |TAMS 0x0000000082200000, 0x0000000082200000| Untracked 
|   1|0x0000000082300000, 0x0000000082300000, 0x0000000082400000|  0%| F|  |TAMS 0x0000000082300000, 0x0000000082300000| Untracked 
|   2|0x0000000082400000, 0x0000000082400000, 0x0000000082500000|  0%| F|  |TAMS 0x0000000082400000, 0x0000000082400000| Untracked 
|   3|0x0000000082500000, 0x0000000082500000, 0x0000000082600000|  0%| F|  |TAMS 0x0000000082500000, 0x0000000082500000| Untracked 
|   4|0x0000000082600000, 0x0000000082600000, 0x0000000082700000|  0%| F|  |TAMS 0x0000000082600000, 0x0000000082600000| Untracked 
|   5|0x0000000082700000, 0x0000000082700000, 0x0000000082800000|  0%| F|  |TAMS 0x0000000082700000, 0x0000000082700000| Untracked 
|   6|0x0000000082800000, 0x0000000082800000, 0x0000000082900000|  0%| F|  |TAMS 0x0000000082800000, 0x0000000082800000| Untracked 
|   7|0x0000000082900000, 0x0000000082900000, 0x0000000082a00000|  0%| F|  |TAMS 0x0000000082900000, 0x0000000082900000| Untracked 
|   8|0x0000000082a00000, 0x0000000082a00000, 0x0000000082b00000|  0%| F|  |TAMS 0x0000000082a00000, 0x0000000082a00000| Untracked 
|   9|0x0000000082b00000, 0x0000000082b00000, 0x0000000082c00000|  0%| F|  |TAMS 0x0000000082b00000, 0x0000000082b00000| Untracked 
|  10|0x0000000082c00000, 0x0000000082c00000, 0x0000000082d00000|  0%| F|  |TAMS 0x0000000082c00000, 0x0000000082c00000| Untracked 
|  11|0x0000000082d00000, 0x0000000082d00000, 0x0000000082e00000|  0%| F|  |TAMS 0x0000000082d00000, 0x0000000082d00000| Untracked 
|  12|0x0000000082e00000, 0x0000000082e00000, 0x0000000082f00000|  0%| F|  |TAMS 0x0000000082e00000, 0x0000000082e00000| Untracked 
|  13|0x0000000082f00000, 0x0000000082f00000, 0x0000000083000000|  0%| F|  |TAMS 0x0000000082f00000, 0x0000000082f00000| Untracked 
|  14|0x0000000083000000, 0x0000000083000000, 0x0000000083100000|  0%| F|  |TAMS 0x0000000083000000, 0x0000000083000000| Untracked 
|  15|0x0000000083100000, 0x0000000083100000, 0x0000000083200000|  0%| F|  |TAMS 0x0000000083100000, 0x0000000083100000| Untracked 
|  16|0x0000000083200000, 0x0000000083200000, 0x0000000083300000|  0%| F|  |TAMS 0x0000000083200000, 0x0000000083200000| Untracked 
|  17|0x0000000083300000, 0x0000000083300000, 0x0000000083400000|  0%| F|  |TAMS 0x0000000083300000, 0x0000000083300000| Untracked 
|  18|0x0000000083400000, 0x0000000083400000, 0x0000000083500000|  0%| F|  |TAMS 0x0000000083400000, 0x0000000083400000| Untracked 
|  19|0x0000000083500000, 0x0000000083500000, 0x0000000083600000|  0%| F|  |TAMS 0x0000000083500000, 0x0000000083500000| Untracked 
|  20|0x0000000083600000, 0x0000000083600000, 0x0000000083700000|  0%| F|  |TAMS 0x0000000083600000, 0x0000000083600000| Untracked 
|  21|0x0000000083700000, 0x0000000083700000, 0x0000000083800000|  0%| F|  |TAMS 0x0000000083700000, 0x0000000083700000| Untracked 
|  22|0x0000000083800000, 0x0000000083800000, 0x0000000083900000|  0%| F|  |TAMS 0x0000000083800000, 0x0000000083800000| Untracked 
|  23|0x0000000083900000, 0x0000000083900000, 0x0000000083a00000|  0%| F|  |TAMS 0x0000000083900000, 0x0000000083900000| Untracked 
|  24|0x0000000083a00000, 0x0000000083a00000, 0x0000000083b00000|  0%| F|  |TAMS 0x0000000083a00000, 0x0000000083a00000| Untracked 
|  25|0x0000000083b00000, 0x0000000083b00000, 0x0000000083c00000|  0%| F|  |TAMS 0x0000000083b00000, 0x0000000083b00000| Untracked 
|  26|0x0000000083c00000, 0x0000000083c00000, 0x0000000083d00000|  0%| F|  |TAMS 0x0000000083c00000, 0x0000000083c00000| Untracked 
|  27|0x0000000083d00000, 0x0000000083d00000, 0x0000000083e00000|  0%| F|  |TAMS 0x0000000083d00000, 0x0000000083d00000| Untracked 
|  28|0x0000000083e00000, 0x0000000083e00000, 0x0000000083f00000|  0%| F|  |TAMS 0x0000000083e00000, 0x0000000083e00000| Untracked 
|  29|0x0000000083f00000, 0x0000000083f00000, 0x0000000084000000|  0%| F|  |TAMS 0x0000000083f00000, 0x0000000083f00000| Untracked 
|  30|0x0000000084000000, 0x0000000084000000, 0x0000000084100000|  0%| F|  |TAMS 0x0000000084000000, 0x0000000084000000| Untracked 
|  31|0x0000000084100000, 0x0000000084100000, 0x0000000084200000|  0%| F|  |TAMS 0x0000000084100000, 0x0000000084100000| Untracked 
|  32|0x0000000084200000, 0x0000000084200000, 0x0000000084300000|  0%| F|  |TAMS 0x0000000084200000, 0x0000000084200000| Untracked 
|  33|0x0000000084300000, 0x0000000084300000, 0x0000000084400000|  0%| F|  |TAMS 0x0000000084300000, 0x0000000084300000| Untracked 
|  34|0x0000000084400000, 0x0000000084400000, 0x0000000084500000|  0%| F|  |TAMS 0x0000000084400000, 0x0000000084400000| Untracked 
|  35|0x0000000084500000, 0x0000000084500000, 0x0000000084600000|  0%| F|  |TAMS 0x0000000084500000, 0x0000000084500000| Untracked 
|  36|0x0000000084600000, 0x0000000084600000, 0x0000000084700000|  0%| F|  |TAMS 0x0000000084600000, 0x0000000084600000| Untracked 
|  37|0x0000000084700000, 0x0000000084700000, 0x0000000084800000|  0%| F|  |TAMS 0x0000000084700000, 0x0000000084700000| Untracked 
|  38|0x0000000084800000, 0x0000000084800000, 0x0000000084900000|  0%| F|  |TAMS 0x0000000084800000, 0x0000000084800000| Untracked 
|  39|0x0000000084900000, 0x0000000084900000, 0x0000000084a00000|  0%| F|  |TAMS 0x0000000084900000, 0x0000000084900000| Untracked 
|  40|0x0000000084a00000, 0x0000000084a00000, 0x0000000084b00000|  0%| F|  |TAMS 0x0000000084a00000, 0x0000000084a00000| Untracked 
|  41|0x0000000084b00000, 0x0000000084b00000, 0x0000000084c00000|  0%| F|  |TAMS 0x0000000084b00000, 0x0000000084b00000| Untracked 
|  42|0x0000000084c00000, 0x0000000084c00000, 0x0000000084d00000|  0%| F|  |TAMS 0x0000000084c00000, 0x0000000084c00000| Untracked 
|  43|0x0000000084d00000, 0x0000000084d00000, 0x0000000084e00000|  0%| F|  |TAMS 0x0000000084d00000, 0x0000000084d00000| Untracked 
|  44|0x0000000084e00000, 0x0000000084e00000, 0x0000000084f00000|  0%| F|  |TAMS 0x0000000084e00000, 0x0000000084e00000| Untracked 
|  45|0x0000000084f00000, 0x0000000084f00000, 0x0000000085000000|  0%| F|  |TAMS 0x0000000084f00000, 0x0000000084f00000| Untracked 
|  46|0x0000000085000000, 0x0000000085000000, 0x0000000085100000|  0%| F|  |TAMS 0x0000000085000000, 0x0000000085000000| Untracked 
|  47|0x0000000085100000, 0x0000000085100000, 0x0000000085200000|  0%| F|  |TAMS 0x0000000085100000, 0x0000000085100000| Untracked 
|  48|0x0000000085200000, 0x0000000085200000, 0x0000000085300000|  0%| F|  |TAMS 0x0000000085200000, 0x0000000085200000| Untracked 
|  49|0x0000000085300000, 0x0000000085300000, 0x0000000085400000|  0%| F|  |TAMS 0x0000000085300000, 0x0000000085300000| Untracked 
|  50|0x0000000085400000, 0x0000000085400000, 0x0000000085500000|  0%| F|  |TAMS 0x0000000085400000, 0x0000000085400000| Untracked 
|  51|0x0000000085500000, 0x0000000085500000, 0x0000000085600000|  0%| F|  |TAMS 0x0000000085500000, 0x0000000085500000| Untracked 
|  52|0x0000000085600000, 0x0000000085600000, 0x0000000085700000|  0%| F|  |TAMS 0x0000000085600000, 0x0000000085600000| Untracked 
|  53|0x0000000085700000, 0x0000000085700000, 0x0000000085800000|  0%| F|  |TAMS 0x0000000085700000, 0x0000000085700000| Untracked 
|  54|0x0000000085800000, 0x0000000085800000, 0x0000000085900000|  0%| F|  |TAMS 0x0000000085800000, 0x0000000085800000| Untracked 
|  55|0x0000000085900000, 0x0000000085900000, 0x0000000085a00000|  0%| F|  |TAMS 0x0000000085900000, 0x0000000085900000| Untracked 
|  56|0x0000000085a00000, 0x0000000085a00000, 0x0000000085b00000|  0%| F|  |TAMS 0x0000000085a00000, 0x0000000085a00000| Untracked 
|  57|0x0000000085b00000, 0x0000000085b00000, 0x0000000085c00000|  0%| F|  |TAMS 0x0000000085b00000, 0x0000000085b00000| Untracked 
|  58|0x0000000085c00000, 0x0000000085c00000, 0x0000000085d00000|  0%| F|  |TAMS 0x0000000085c00000, 0x0000000085c00000| Untracked 
|  59|0x0000000085d00000, 0x0000000085d00000, 0x0000000085e00000|  0%| F|  |TAMS 0x0000000085d00000, 0x0000000085d00000| Untracked 
|  60|0x0000000085e00000, 0x0000000085e00000, 0x0000000085f00000|  0%| F|  |TAMS 0x0000000085e00000, 0x0000000085e00000| Untracked 
|  61|0x0000000085f00000, 0x0000000085f00000, 0x0000000086000000|  0%| F|  |TAMS 0x0000000085f00000, 0x0000000085f00000| Untracked 
|  62|0x0000000086000000, 0x0000000086000000, 0x0000000086100000|  0%| F|  |TAMS 0x0000000086000000, 0x0000000086000000| Untracked 
|  63|0x0000000086100000, 0x0000000086100000, 0x0000000086200000|  0%| F|  |TAMS 0x0000000086100000, 0x0000000086100000| Untracked 
|  64|0x0000000086200000, 0x0000000086200000, 0x0000000086300000|  0%| F|  |TAMS 0x0000000086200000, 0x0000000086200000| Untracked 
|  65|0x0000000086300000, 0x0000000086300000, 0x0000000086400000|  0%| F|  |TAMS 0x0000000086300000, 0x0000000086300000| Untracked 
|  66|0x0000000086400000, 0x0000000086400000, 0x0000000086500000|  0%| F|  |TAMS 0x0000000086400000, 0x0000000086400000| Untracked 
|  67|0x0000000086500000, 0x0000000086500000, 0x0000000086600000|  0%| F|  |TAMS 0x0000000086500000, 0x0000000086500000| Untracked 
|  68|0x0000000086600000, 0x0000000086600000, 0x0000000086700000|  0%| F|  |TAMS 0x0000000086600000, 0x0000000086600000| Untracked 
|  69|0x0000000086700000, 0x0000000086700000, 0x0000000086800000|  0%| F|  |TAMS 0x0000000086700000, 0x0000000086700000| Untracked 
|  70|0x0000000086800000, 0x0000000086800000, 0x0000000086900000|  0%| F|  |TAMS 0x0000000086800000, 0x0000000086800000| Untracked 
|  71|0x0000000086900000, 0x0000000086900000, 0x0000000086a00000|  0%| F|  |TAMS 0x0000000086900000, 0x0000000086900000| Untracked 
|  72|0x0000000086a00000, 0x0000000086a00000, 0x0000000086b00000|  0%| F|  |TAMS 0x0000000086a00000, 0x0000000086a00000| Untracked 
|  73|0x0000000086b00000, 0x0000000086b00000, 0x0000000086c00000|  0%| F|  |TAMS 0x0000000086b00000, 0x0000000086b00000| Untracked 
|  74|0x0000000086c00000, 0x0000000086c00000, 0x0000000086d00000|  0%| F|  |TAMS 0x0000000086c00000, 0x0000000086c00000| Untracked 
|  75|0x0000000086d00000, 0x0000000086d00000, 0x0000000086e00000|  0%| F|  |TAMS 0x0000000086d00000, 0x0000000086d00000| Untracked 
|  76|0x0000000086e00000, 0x0000000086e00000, 0x0000000086f00000|  0%| F|  |TAMS 0x0000000086e00000, 0x0000000086e00000| Untracked 
|  77|0x0000000086f00000, 0x0000000086f00000, 0x0000000087000000|  0%| F|  |TAMS 0x0000000086f00000, 0x0000000086f00000| Untracked 
|  78|0x0000000087000000, 0x0000000087000000, 0x0000000087100000|  0%| F|  |TAMS 0x0000000087000000, 0x0000000087000000| Untracked 
|  79|0x0000000087100000, 0x0000000087100000, 0x0000000087200000|  0%| F|  |TAMS 0x0000000087100000, 0x0000000087100000| Untracked 
|  80|0x0000000087200000, 0x0000000087200000, 0x0000000087300000|  0%| F|  |TAMS 0x0000000087200000, 0x0000000087200000| Untracked 
|  81|0x0000000087300000, 0x0000000087300000, 0x0000000087400000|  0%| F|  |TAMS 0x0000000087300000, 0x0000000087300000| Untracked 
|  82|0x0000000087400000, 0x0000000087400000, 0x0000000087500000|  0%| F|  |TAMS 0x0000000087400000, 0x0000000087400000| Untracked 
|  83|0x0000000087500000, 0x0000000087500000, 0x0000000087600000|  0%| F|  |TAMS 0x0000000087500000, 0x0000000087500000| Untracked 
|  84|0x0000000087600000, 0x0000000087600000, 0x0000000087700000|  0%| F|  |TAMS 0x0000000087600000, 0x0000000087600000| Untracked 
|  85|0x0000000087700000, 0x0000000087700000, 0x0000000087800000|  0%| F|  |TAMS 0x0000000087700000, 0x0000000087700000| Untracked 
|  86|0x0000000087800000, 0x0000000087800000, 0x0000000087900000|  0%| F|  |TAMS 0x0000000087800000, 0x0000000087800000| Untracked 
|  87|0x0000000087900000, 0x0000000087900000, 0x0000000087a00000|  0%| F|  |TAMS 0x0000000087900000, 0x0000000087900000| Untracked 
|  88|0x0000000087a00000, 0x0000000087a00000, 0x0000000087b00000|  0%| F|  |TAMS 0x0000000087a00000, 0x0000000087a00000| Untracked 
|  89|0x0000000087b00000, 0x0000000087b00000, 0x0000000087c00000|  0%| F|  |TAMS 0x0000000087b00000, 0x0000000087b00000| Untracked 
|  90|0x0000000087c00000, 0x0000000087c00000, 0x0000000087d00000|  0%| F|  |TAMS 0x0000000087c00000, 0x0000000087c00000| Untracked 
|  91|0x0000000087d00000, 0x0000000087d00000, 0x0000000087e00000|  0%| F|  |TAMS 0x0000000087d00000, 0x0000000087d00000| Untracked 
|  92|0x0000000087e00000, 0x0000000087e00000, 0x0000000087f00000|  0%| F|  |TAMS 0x0000000087e00000, 0x0000000087e00000| Untracked 
|  93|0x0000000087f00000, 0x0000000087f00000, 0x0000000088000000|  0%| F|  |TAMS 0x0000000087f00000, 0x0000000087f00000| Untracked 
|  94|0x0000000088000000, 0x0000000088000000, 0x0000000088100000|  0%| F|  |TAMS 0x0000000088000000, 0x0000000088000000| Untracked 
|  95|0x0000000088100000, 0x0000000088100000, 0x0000000088200000|  0%| F|  |TAMS 0x0000000088100000, 0x0000000088100000| Untracked 
|  96|0x0000000088200000, 0x0000000088200000, 0x0000000088300000|  0%| F|  |TAMS 0x0000000088200000, 0x0000000088200000| Untracked 
|  97|0x0000000088300000, 0x0000000088300000, 0x0000000088400000|  0%| F|  |TAMS 0x0000000088300000, 0x0000000088300000| Untracked 
|  98|0x0000000088400000, 0x0000000088400000, 0x0000000088500000|  0%| F|  |TAMS 0x0000000088400000, 0x0000000088400000| Untracked 
|  99|0x0000000088500000, 0x0000000088500000, 0x0000000088600000|  0%| F|  |TAMS 0x0000000088500000, 0x0000000088500000| Untracked 
| 100|0x0000000088600000, 0x0000000088600000, 0x0000000088700000|  0%| F|  |TAMS 0x0000000088600000, 0x0000000088600000| Untracked 
| 101|0x0000000088700000, 0x0000000088700000, 0x0000000088800000|  0%| F|  |TAMS 0x0000000088700000, 0x0000000088700000| Untracked 
| 102|0x0000000088800000, 0x0000000088800000, 0x0000000088900000|  0%| F|  |TAMS 0x0000000088800000, 0x0000000088800000| Untracked 
| 103|0x0000000088900000, 0x0000000088900000, 0x0000000088a00000|  0%| F|  |TAMS 0x0000000088900000, 0x0000000088900000| Untracked 
| 104|0x0000000088a00000, 0x0000000088a00000, 0x0000000088b00000|  0%| F|  |TAMS 0x0000000088a00000, 0x0000000088a00000| Untracked 
| 105|0x0000000088b00000, 0x0000000088b00000, 0x0000000088c00000|  0%| F|  |TAMS 0x0000000088b00000, 0x0000000088b00000| Untracked 
| 106|0x0000000088c00000, 0x0000000088c00000, 0x0000000088d00000|  0%| F|  |TAMS 0x0000000088c00000, 0x0000000088c00000| Untracked 
| 107|0x0000000088d00000, 0x0000000088d00000, 0x0000000088e00000|  0%| F|  |TAMS 0x0000000088d00000, 0x0000000088d00000| Untracked 
| 108|0x0000000088e00000, 0x0000000088e00000, 0x0000000088f00000|  0%| F|  |TAMS 0x0000000088e00000, 0x0000000088e00000| Untracked 
| 109|0x0000000088f00000, 0x0000000088f00000, 0x0000000089000000|  0%| F|  |TAMS 0x0000000088f00000, 0x0000000088f00000| Untracked 
| 110|0x0000000089000000, 0x0000000089000000, 0x0000000089100000|  0%| F|  |TAMS 0x0000000089000000, 0x0000000089000000| Untracked 
| 111|0x0000000089100000, 0x0000000089100000, 0x0000000089200000|  0%| F|  |TAMS 0x0000000089100000, 0x0000000089100000| Untracked 
| 112|0x0000000089200000, 0x0000000089200000, 0x0000000089300000|  0%| F|  |TAMS 0x0000000089200000, 0x0000000089200000| Untracked 
| 113|0x0000000089300000, 0x0000000089300000, 0x0000000089400000|  0%| F|  |TAMS 0x0000000089300000, 0x0000000089300000| Untracked 
| 114|0x0000000089400000, 0x0000000089400000, 0x0000000089500000|  0%| F|  |TAMS 0x0000000089400000, 0x0000000089400000| Untracked 
| 115|0x0000000089500000, 0x0000000089500000, 0x0000000089600000|  0%| F|  |TAMS 0x0000000089500000, 0x0000000089500000| Untracked 
| 116|0x0000000089600000, 0x0000000089600000, 0x0000000089700000|  0%| F|  |TAMS 0x0000000089600000, 0x0000000089600000| Untracked 
| 117|0x0000000089700000, 0x0000000089700000, 0x0000000089800000|  0%| F|  |TAMS 0x0000000089700000, 0x0000000089700000| Untracked 
| 118|0x0000000089800000, 0x0000000089801b10, 0x0000000089900000|  0%| E|  |TAMS 0x0000000089800000, 0x0000000089800000| Complete 
| 119|0x0000000089900000, 0x0000000089a00000, 0x0000000089a00000|100%| E|CS|TAMS 0x0000000089900000, 0x0000000089900000| Complete 
| 120|0x0000000089a00000, 0x0000000089b00000, 0x0000000089b00000|100%| E|CS|TAMS 0x0000000089a00000, 0x0000000089a00000| Complete 
| 121|0x0000000089b00000, 0x0000000089c00000, 0x0000000089c00000|100%| E|CS|TAMS 0x0000000089b00000, 0x0000000089b00000| Complete 
| 122|0x0000000089c00000, 0x0000000089d00000, 0x0000000089d00000|100%| E|CS|TAMS 0x0000000089c00000, 0x0000000089c00000| Complete 
| 123|0x0000000089d00000, 0x0000000089e00000, 0x0000000089e00000|100%| E|CS|TAMS 0x0000000089d00000, 0x0000000089d00000| Complete 
| 124|0x0000000089e00000, 0x0000000089f00000, 0x0000000089f00000|100%| E|CS|TAMS 0x0000000089e00000, 0x0000000089e00000| Complete 
| 125|0x0000000089f00000, 0x000000008a000000, 0x000000008a000000|100%| E|CS|TAMS 0x0000000089f00000, 0x0000000089f00000| Complete 

Card table byte_map: [0x0000011477870000,0x0000011477c60000] _byte_map_base: 0x000001147745f000

Marking Bits (Prev, Next): (CMBitMap*) 0x000001145ffc4fa8, (CMBitMap*) 0x000001145ffc4fe8
 Prev Bits: [0x0000011478050000, 0x0000011479fc8000)
 Next Bits: [0x0000011479fd0000, 0x000001147bf48000)

Polling page: 0x000001145f750000

Metaspace:

Usage:
  Non-class:      4.97 MB capacity,     1.92 MB ( 39%) used,     3.06 MB ( 61%) free+waste,     2.44 KB ( <1%) overhead. 
      Class:    538.00 KB capacity,   188.45 KB ( 35%) used,   348.11 KB ( 65%) free+waste,     1.44 KB ( <1%) overhead. 
       Both:      5.50 MB capacity,     2.10 MB ( 38%) used,     3.40 MB ( 62%) free+waste,     3.88 KB ( <1%) overhead. 

Virtual space:
  Non-class space:        8.00 MB reserved,       5.00 MB ( 63%) committed 
      Class space:        1.00 GB reserved,     640.00 KB ( <1%) committed 
             Both:        1.01 GB reserved,       5.63 MB ( <1%) committed 

Chunk freelists:
   Non-Class:  26.00 KB
       Class:  6.00 KB
        Both:  32.00 KB

MaxMetaspaceSize: 17179869184.00 GB
CompressedClassSpaceSize: 1.00 GB

CodeHeap 'non-profiled nmethods': size=120000Kb used=130Kb max_used=130Kb free=119869Kb
 bounds [0x000001146ff50000, 0x00000114701c0000, 0x0000011477480000]
CodeHeap 'profiled nmethods': size=120000Kb used=871Kb max_used=871Kb free=119128Kb
 bounds [0x0000011468a20000, 0x0000011468c90000, 0x000001146ff50000]
CodeHeap 'non-nmethods': size=5760Kb used=1132Kb max_used=1144Kb free=4627Kb
 bounds [0x0000011468480000, 0x00000114686f0000, 0x0000011468a20000]
 total_blobs=1212 nmethods=461 adapters=282
 compilation: enabled
              stopped_count=0, restarted_count=0
 full_count=0

Compilation events (20 events):
Event: 0.370 Thread 0x000001147e55e800  411       3       jdk.internal.jimage.ImageLocation::decompress (153 bytes)
Event: 0.371 Thread 0x000001147e55e800 nmethod 411 0x0000011468ac4090 code [0x0000011468ac4380, 0x0000011468ac54c0]
Event: 0.371 Thread 0x000001147e55e800  409       3       java.nio.ByteBuffer::<init> (45 bytes)
Event: 0.372 Thread 0x000001147e55e800 nmethod 409 0x0000011468ac5a90 code [0x0000011468ac5c40, 0x0000011468ac5ed0]
Event: 0.372 Thread 0x000001147e55e800  412       3       java.util.Properties::loadConvert (544 bytes)
Event: 0.373 Thread 0x000001147e55e800 nmethod 412 0x0000011468ac6010 code [0x0000011468ac6340, 0x0000011468ac7b50]
Event: 0.373 Thread 0x000001147e55e800  410       3       java.util.concurrent.ConcurrentHashMap$ValueIterator::next (34 bytes)
Event: 0.374 Thread 0x000001147e55e800 nmethod 410 0x0000011468ac8310 code [0x0000011468ac84e0, 0x0000011468ac87c0]
Event: 0.374 Thread 0x000001147e55e800  413       3       org.codehaus.plexus.classworlds.realm.ClassRealm::getClassLoadingLock (38 bytes)
Event: 0.374 Thread 0x000001147e55e800 nmethod 413 0x0000011468ac8910 code [0x0000011468ac8ae0, 0x0000011468ac8e90]
Event: 0.374 Thread 0x000001147e55e800  414       3       java.net.URL::isBuiltinStreamHandler (32 bytes)
Event: 0.375 Thread 0x000001147e55e800 nmethod 414 0x0000011468ac9010 code [0x0000011468ac9300, 0x0000011468aca4c0]
Event: 0.375 Thread 0x000001147e55e800  415       3       java.net.URL::isBuiltinStreamHandler (8 bytes)
Event: 0.376 Thread 0x000001147e55e800 nmethod 415 0x0000011468acaa90 code [0x0000011468acac40, 0x0000011468acae90]
Event: 0.376 Thread 0x000001147e55e800  416       3       sun.net.util.IPAddressUtil::checkHostString (53 bytes)
Event: 0.377 Thread 0x000001147e55e800 nmethod 416 0x0000011468acaf90 code [0x0000011468acb260, 0x0000011468acbff0]
Event: 0.377 Thread 0x000001147e55e800  417       3       jdk.internal.loader.URLClassPath$JarLoader::findResource (18 bytes)
Event: 0.377 Thread 0x000001147e55e800 nmethod 417 0x0000011468acc490 code [0x0000011468acc660, 0x0000011468acc940]
Event: 0.377 Thread 0x000001147e55e800  419       3       java.net.URLStreamHandler::parseURL (1201 bytes)
Event: 0.382 Thread 0x000001147e552800  424       4       java.util.zip.ZipFile$Source::getEntryPos (208 bytes)

GC Heap History (0 events):
No events

Deoptimization events (14 events):
Event: 0.067 Thread 0x000001145ff82800 Uncommon trap: trap_request=0xffffff45 fr.pc=0x000001146ff54b9c relative=0x00000000000001fc
Event: 0.067 Thread 0x000001145ff82800 Uncommon trap: reason=unstable_if action=reinterpret pc=0x000001146ff54b9c method=java.lang.String.hashCode()I @ 42 c2
Event: 0.067 Thread 0x000001145ff82800 DEOPT PACKING pc=0x000001146ff54b9c sp=0x00000004acffe3c0
Event: 0.067 Thread 0x000001145ff82800 DEOPT UNPACKING pc=0x00000114684c912f sp=0x00000004acffe358 mode 2
Event: 0.205 Thread 0x000001145ff82800 Uncommon trap: trap_request=0xffffff45 fr.pc=0x000001146ff5cd10 relative=0x0000000000000070
Event: 0.205 Thread 0x000001145ff82800 Uncommon trap: reason=unstable_if action=reinterpret pc=0x000001146ff5cd10 method=java.io.WinNTFileSystem.isSlash(C)Z @ 9 c2
Event: 0.205 Thread 0x000001145ff82800 DEOPT PACKING pc=0x000001146ff5cd10 sp=0x00000004acffe6d0
Event: 0.205 Thread 0x000001145ff82800 DEOPT UNPACKING pc=0x00000114684c912f sp=0x00000004acffe658 mode 2
Event: 0.223 Thread 0x000001145ff82800 DEOPT PACKING pc=0x0000011468a62a68 sp=0x00000004acffd470
Event: 0.223 Thread 0x000001145ff82800 DEOPT UNPACKING pc=0x00000114684c964e sp=0x00000004acffc8e0 mode 0
Event: 0.286 Thread 0x000001145ff82800 DEOPT PACKING pc=0x0000011468a7c532 sp=0x00000004acffd290
Event: 0.286 Thread 0x000001145ff82800 DEOPT UNPACKING pc=0x00000114684c964e sp=0x00000004acffc6f8 mode 0
Event: 0.303 Thread 0x000001145ff82800 DEOPT PACKING pc=0x0000011468a5c850 sp=0x00000004acff9f60
Event: 0.303 Thread 0x000001145ff82800 DEOPT UNPACKING pc=0x00000114684c964e sp=0x00000004acff93e8 mode 0

Classes unloaded (0 events):
No events

Classes redefined (0 events):
No events

Internal exceptions (1 events):
Event: 0.222 Thread 0x000001145ff82800 Exception <a 'java/lang/NoSuchMethodError'{0x0000000089c08088}: 'int java.lang.invoke.DirectMethodHandle$Holder.invokeSpecialIFC(java.lang.Object, java.lang.Object, int)'> (0x0000000089c08088) 
thrown [t:/workspace/open/src/hotspot/share/interpreter/linkResolver.cpp, line 767]

Events (20 events):
Event: 0.385 loading class org/codehaus/plexus/util/xml/XmlReader
Event: 0.385 loading class org/codehaus/plexus/util/xml/XmlReader done
Event: 0.388 loading class org/apache/maven/project/ExtensionDescriptor
Event: 0.388 loading class org/apache/maven/project/ExtensionDescriptor done
Event: 0.389 loading class org/codehaus/plexus/util/ReaderFactory
Event: 0.389 loading class org/codehaus/plexus/util/ReaderFactory done
Event: 0.390 loading class java/io/FileReader
Event: 0.390 loading class java/io/FileReader done
Event: 0.390 loading class org/codehaus/plexus/util/xml/XmlStreamReaderException
Event: 0.390 loading class org/codehaus/plexus/util/xml/XmlStreamReaderException done
Event: 0.390 loading class org/codehaus/plexus/util/xml/XmlReaderException
Event: 0.390 loading class org/codehaus/plexus/util/xml/XmlReaderException done
Event: 0.392 loading class java/util/regex/Pattern$BnM
Event: 0.392 loading class java/util/regex/Pattern$BnM done
Event: 0.392 loading class java/util/regex/Pattern$SliceS
Event: 0.393 loading class java/util/regex/Pattern$SliceS done
Event: 0.395 loading class java/text/MessageFormat
Event: 0.396 loading class java/text/MessageFormat done
Event: 0.397 loading class org/codehaus/plexus/util/xml/Xpp3DomBuilder
Event: 0.397 loading class org/codehaus/plexus/util/xml/Xpp3DomBuilder done


Dynamic libraries:
0x00007ff68f890000 - 0x00007ff68f89f000 	D:\Program Files\jdk13\bin\java.exe
0x00007ffbf4c20000 - 0x00007ffbf4e10000 	C:\WINDOWS\SYSTEM32\ntdll.dll
0x00007ffbf4150000 - 0x00007ffbf4202000 	C:\WINDOWS\System32\KERNEL32.DLL
0x00007ffbf2640000 - 0x00007ffbf28e3000 	C:\WINDOWS\System32\KERNELBASE.dll
0x00007ffbf2540000 - 0x00007ffbf263a000 	C:\WINDOWS\System32\ucrtbase.dll
0x00007ffbc10d0000 - 0x00007ffbc10e5000 	D:\Program Files\jdk13\bin\VCRUNTIME140.dll
0x00007ffbe4910000 - 0x00007ffbe4928000 	D:\Program Files\jdk13\bin\jli.dll
0x00007ffbf4970000 - 0x00007ffbf4a13000 	C:\WINDOWS\System32\ADVAPI32.dll
0x00007ffbf2d80000 - 0x00007ffbf2e1e000 	C:\WINDOWS\System32\msvcrt.dll
0x00007ffbf3bd0000 - 0x00007ffbf3c67000 	C:\WINDOWS\System32\sechost.dll
0x00007ffbf2e20000 - 0x00007ffbf2f40000 	C:\WINDOWS\System32\RPCRT4.dll
0x00007ffbf2ff0000 - 0x00007ffbf3184000 	C:\WINDOWS\System32\USER32.dll
0x00007ffbf1bb0000 - 0x00007ffbf1bd1000 	C:\WINDOWS\System32\win32u.dll
0x00007ffbe5790000 - 0x00007ffbe5a15000 	C:\WINDOWS\WinSxS\amd64_microsoft.windows.common-controls_6595b64144ccf1df_6.0.18362.418_none_e6c6b287130d565d\COMCTL32.dll
0x00007ffbf3e10000 - 0x00007ffbf4146000 	C:\WINDOWS\System32\combase.dll
0x00007ffbf3dd0000 - 0x00007ffbf3df6000 	C:\WINDOWS\System32\GDI32.dll
0x00007ffbf2380000 - 0x00007ffbf2400000 	C:\WINDOWS\System32\bcryptPrimitives.dll
0x00007ffbf28f0000 - 0x00007ffbf2a84000 	C:\WINDOWS\System32\gdi32full.dll
0x00007ffbf2be0000 - 0x00007ffbf2c7e000 	C:\WINDOWS\System32\msvcp_win.dll
0x00007ffbebc10000 - 0x00007ffbebc1a000 	C:\WINDOWS\SYSTEM32\VERSION.dll
0x00007ffbf3b30000 - 0x00007ffbf3b5e000 	C:\WINDOWS\System32\IMM32.DLL
0x00007ffbafde0000 - 0x00007ffbafe7b000 	D:\Program Files\jdk13\bin\msvcp140.dll
0x00007ffb866c0000 - 0x00007ffb8721d000 	D:\Program Files\jdk13\bin\server\jvm.dll
0x00007ffbf3270000 - 0x00007ffbf3278000 	C:\WINDOWS\System32\PSAPI.DLL
0x00007ffbead20000 - 0x00007ffbead29000 	C:\WINDOWS\SYSTEM32\WSOCK32.dll
0x00007ffbee790000 - 0x00007ffbee7b4000 	C:\WINDOWS\SYSTEM32\WINMM.dll
0x00007ffbf3b60000 - 0x00007ffbf3bcf000 	C:\WINDOWS\System32\WS2_32.dll
0x00007ffbee760000 - 0x00007ffbee78d000 	C:\WINDOWS\SYSTEM32\winmmbase.dll
0x00007ffbf2c80000 - 0x00007ffbf2cca000 	C:\WINDOWS\System32\cfgmgr32.dll
0x00007ffbf1b70000 - 0x00007ffbf1b81000 	C:\WINDOWS\System32\kernel.appcore.dll
0x00007ffbce1e0000 - 0x00007ffbce1f0000 	D:\Program Files\jdk13\bin\verify.dll
0x00007ffbdea40000 - 0x00007ffbdec34000 	C:\WINDOWS\SYSTEM32\DBGHELP.DLL
0x00007ffbd5f60000 - 0x00007ffbd5f8a000 	C:\WINDOWS\SYSTEM32\dbgcore.DLL
0x00007ffbc0080000 - 0x00007ffbc00a6000 	D:\Program Files\jdk13\bin\java.dll
0x00007ffbc0d00000 - 0x00007ffbc0d17000 	D:\Program Files\jdk13\bin\zip.dll
0x00007ffbcd7c0000 - 0x00007ffbcd7ca000 	D:\Program Files\jdk13\bin\jimage.dll
0x00007ffbf3440000 - 0x00007ffbf3b25000 	C:\WINDOWS\System32\SHELL32.dll
0x00007ffbf2cd0000 - 0x00007ffbf2d79000 	C:\WINDOWS\System32\shcore.dll
0x00007ffbf1be0000 - 0x00007ffbf235f000 	C:\WINDOWS\System32\windows.storage.dll
0x00007ffbf1b50000 - 0x00007ffbf1b6f000 	C:\WINDOWS\System32\profapi.dll
0x00007ffbf1b00000 - 0x00007ffbf1b4a000 	C:\WINDOWS\System32\powrprof.dll
0x00007ffbf1af0000 - 0x00007ffbf1b00000 	C:\WINDOWS\System32\UMPDC.dll
0x00007ffbf4270000 - 0x00007ffbf42c2000 	C:\WINDOWS\System32\shlwapi.dll
0x00007ffbf2360000 - 0x00007ffbf2377000 	C:\WINDOWS\System32\cryptsp.dll
0x00007ffbc0370000 - 0x00007ffbc0389000 	D:\Program Files\jdk13\bin\net.dll
0x00007ffbe4f40000 - 0x00007ffbe5030000 	C:\WINDOWS\SYSTEM32\WINHTTP.dll
0x00007ffbf1360000 - 0x00007ffbf13c7000 	C:\WINDOWS\system32\mswsock.dll
0x00007ffbc0060000 - 0x00007ffbc0073000 	D:\Program Files\jdk13\bin\nio.dll
0x00007ffbec580000 - 0x00007ffbec58a000 	D:\Program Files\NetBeans-12.0\netbeans\java\maven\lib\jansi-native\windows64\jansi.dll

dbghelp: loaded successfully - version: 4.0.5 - missing functions: none
symbol engine: initialized successfully - sym options: 0x614 - pdb path: .;D:\Program Files\jdk13\bin;C:\WINDOWS\SYSTEM32;C:\WINDOWS\WinSxS\amd64_microsoft.windows.common-controls_6595b64144ccf1df_6.0.18362.418_none_e6c6b287130d565d;D:\Program Files\jdk13\bin\server;D:\Program Files\NetBeans-12.0\netbeans\java\maven\lib\jansi-native\windows64

VM Arguments:
jvm_args: -Dclassworlds.conf=D:\Program Files\NetBeans-12.0\netbeans\java\maven\bin\..\bin\m2.conf -Dmaven.home=D:\Program Files\NetBeans-12.0\netbeans\java\maven\bin\.. -Dlibrary.jansi.path=D:\Program Files\NetBeans-12.0\netbeans\java\maven\bin\..\lib\jansi-native -Dmaven.multiModuleProjectDirectory=C:\Users\TAI\Desktop\LearnServlet\Product 
java_command: org.codehaus.plexus.classworlds.launcher.Launcher -Dnetbeans.deploy=true -Dnetbeans.deploy.clientUrlPart=/AddNewProduct.jsp -Dmaven.ext.class.path=D:\Program Files\NetBeans-12.0\netbeans\java\maven-nblib\netbeans-eventspy.jar -Dfile.encoding=UTF-8 package
java_class_path (initial): D:\Program Files\NetBeans-12.0\netbeans\java\maven\bin\..\boot\plexus-classworlds-2.6.0.jar
Launcher Type: SUN_STANDARD

[Global flags]
     intx CICompilerCount                          = 3                                         {product} {ergonomic}
     uint ConcGCThreads                            = 1                                         {product} {ergonomic}
     uint G1ConcRefinementThreads                  = 4                                         {product} {ergonomic}
   size_t G1HeapRegionSize                         = 1048576                                   {product} {ergonomic}
    uintx GCDrainStackTargetSize                   = 64                                        {product} {ergonomic}
   size_t InitialHeapSize                          = 132120576                                 {product} {ergonomic}
   size_t MarkStackSize                            = 4194304                                   {product} {ergonomic}
   size_t MaxHeapSize                              = 2111832064                                {product} {ergonomic}
   size_t MaxNewSize                               = 1266679808                                {product} {ergonomic}
   size_t MinHeapDeltaBytes                        = 1048576                                   {product} {ergonomic}
   size_t MinHeapSize                              = 8388608                                   {product} {ergonomic}
    uintx NonNMethodCodeHeapSize                   = 5832780                                {pd product} {ergonomic}
    uintx NonProfiledCodeHeapSize                  = 122912730                              {pd product} {ergonomic}
    uintx ProfiledCodeHeapSize                     = 122912730                              {pd product} {ergonomic}
    uintx ReservedCodeCacheSize                    = 251658240                              {pd product} {ergonomic}
     bool SegmentedCodeCache                       = true                                      {product} {ergonomic}
   size_t SoftMaxHeapSize                          = 2111832064                             {manageable} {ergonomic}
     bool UseCompressedClassPointers               = true                                 {lp64_product} {ergonomic}
     bool UseCompressedOops                        = true                                 {lp64_product} {ergonomic}
     bool UseG1GC                                  = true                                      {product} {ergonomic}
     bool UseLargePagesIndividualAllocation        = false                                  {pd product} {ergonomic}

Logging:
Log output configuration:
 #0: stdout all=warning uptime,level,tags
 #1: stderr all=off uptime,level,tags

Environment Variables:
JAVA_HOME=D:\Program Files\jdk13
PATH=C:\Program Files\Microsoft MPI\Bin\;C:\Program Files (x86)\Common Files\Oracle\Java\javapath;C:\WINDOWS\system32;C:\WINDOWS;C:\WINDOWS\System32\Wbem;C:\WINDOWS\System32\WindowsPowerShell\v1.0\;C:\WINDOWS\System32\OpenSSH\;C:\Program Files\Git\cmd;C:\Program Files (x86)\Microsoft SQL Server\130\Tools\Binn\;C:\Program Files\Microsoft SQL Server\130\Tools\Binn\;C:\Program Files (x86)\Microsoft SQL Server\130\DTS\Binn\;C:\Program Files\Microsoft SQL Server\130\DTS\Binn\;C:\Program Files\Microsoft SQL Server\Client SDK\ODBC\130\Tools\Binn\;C:\Program Files (x86)\Microsoft SQL Server\Client SDK\ODBC\130\Tools\Binn\;C:\Program Files (x86)\Microsoft SQL Server\130\Tools\Binn\ManagementStudio\;C:\Users\TAI\AppData\Local\Microsoft\WindowsApps;;C:\Users\TAI\AppData\Local\Programs\Microsoft VS Code\bin
USERNAME=TAI
OS=Windows_NT
PROCESSOR_IDENTIFIER=Intel64 Family 6 Model 78 Stepping 3, GenuineIntel



---------------  S Y S T E M  ---------------

OS: Windows 10 , 64 bit Build 18362 (10.0.18362.329)

CPU:total 4 (initial active 4) (2 cores per cpu, 2 threads per core) family 6 model 78 stepping 3, cmov, cx8, fxsr, mmx, sse, sse2, sse3, ssse3, sse4.1, sse4.2, popcnt, avx, avx2, aes, clmul, erms, 3dnowpref, lzcnt, ht, tsc, tscinvbit, bmi1, bmi2, adx, fma

Memory: 4k page, system-wide physical 8051M (1433M free)
TotalPageFile size 12123M (AvailPageFile size 5M)
current process WorkingSet (physical memory assigned to process): 50M, peak: 50M
current process commit charge ("private bytes"): 213M, peak: 214M

vm_info: Java HotSpot(TM) 64-Bit Server VM (13.0.2+8) for windows-amd64 JRE (13.0.2+8), built on Dec 11 2019 09:20:33 by "mach5one" with unknown MS VC++:1916

END.
